[07:29:29.564] INFO (4234): generate called for googleapis.com...
[07:29:29.564] INFO (4234): output directory: /mnt/c/LocalGitRepos/stackql/google-discovery-to-openapi/openapi
[07:29:30.797] INFO (4234): Getting root discovery document...
[07:29:31.660] INFO (4234): processing: 263 services...
[07:29:31.660] INFO (4234): Checking OAuth scopes...
[07:29:31.660] INFO (4234): checking abusiveexperiencereport...
[07:29:33.244] INFO (4234): service abusiveexperiencereport has no auth, skipping...
[07:29:33.244] INFO (4234): checking acceleratedmobilepageurl...
[07:29:33.613] INFO (4234): service acceleratedmobilepageurl has no auth, skipping...
[07:29:33.613] INFO (4234): checking accessapproval...
[07:29:35.192] INFO (4234): --------------------------------------
[07:29:35.192] INFO (4234): processing service accessapproval ...
[07:29:35.192] INFO (4234): --------------------------------------
[07:29:35.231] INFO (4234): checking accesscontextmanager...
[07:29:36.419] INFO (4234): --------------------------------------
[07:29:36.419] INFO (4234): processing service accesscontextmanager ...
[07:29:36.420] INFO (4234): --------------------------------------
[07:29:36.459] INFO (4234): checking acmedns...
[07:29:36.770] INFO (4234): service acmedns has no auth, skipping...
[07:29:36.770] INFO (4234): checking adexchangebuyer2...
[07:29:38.035] INFO (4234): checking adexperiencereport...
[07:29:39.461] INFO (4234): service adexperiencereport has no auth, skipping...
[07:29:39.461] INFO (4234): checking admin...
[07:29:40.134] INFO (4234): checking admob...
[07:29:41.556] INFO (4234): checking adsense...
[07:29:43.003] INFO (4234): checking adsensehost...
[07:29:44.427] INFO (4234): checking advisorynotifications...
[07:29:45.675] INFO (4234): --------------------------------------
[07:29:45.675] INFO (4234): processing service advisorynotifications ...
[07:29:45.675] INFO (4234): --------------------------------------
[07:29:45.700] INFO (4234): checking alertcenter...
[07:29:46.955] INFO (4234): checking analytics...
[07:29:48.432] INFO (4234): checking analyticsadmin...
[07:29:49.885] INFO (4234): checking analyticsdata...
[07:29:50.323] INFO (4234): checking analyticshub...
[07:29:50.443] INFO (4234): --------------------------------------
[07:29:50.443] INFO (4234): processing service analyticshub ...
[07:29:50.443] INFO (4234): --------------------------------------
[07:29:50.470] INFO (4234): checking analyticsreporting...
[07:29:50.854] INFO (4234): checking androiddeviceprovisioning...
[07:29:51.317] INFO (4234): service androiddeviceprovisioning has no auth, skipping...
[07:29:51.317] INFO (4234): checking androidenterprise...
[07:29:51.718] INFO (4234): checking androidmanagement...
[07:29:53.028] INFO (4234): checking androidpublisher...
[07:29:53.504] INFO (4234): checking apigateway...
[07:29:54.942] INFO (4234): --------------------------------------
[07:29:54.942] INFO (4234): processing service apigateway ...
[07:29:54.942] INFO (4234): --------------------------------------
[07:29:54.967] INFO (4234): checking apigee...
[07:29:55.779] INFO (4234): --------------------------------------
[07:29:55.779] INFO (4234): processing service apigee ...
[07:29:55.779] INFO (4234): --------------------------------------
[07:29:55.847] INFO (4234): checking apigeeregistry...
[07:29:57.327] INFO (4234): --------------------------------------
[07:29:57.327] INFO (4234): processing service apigeeregistry ...
[07:29:57.327] INFO (4234): --------------------------------------
[07:29:57.359] INFO (4234): checking apikeys...
[07:29:58.646] INFO (4234): --------------------------------------
[07:29:58.646] INFO (4234): processing service apikeys ...
[07:29:58.646] INFO (4234): --------------------------------------
[07:29:58.674] INFO (4234): checking appengine...
[07:29:58.832] INFO (4234): --------------------------------------
[07:29:58.832] INFO (4234): processing service appengine ...
[07:29:58.832] INFO (4234): --------------------------------------
[07:29:58.862] INFO (4234): checking area120tables...
[07:29:59.989] INFO (4234): checking artifactregistry...
[07:30:01.444] INFO (4234): --------------------------------------
[07:30:01.444] INFO (4234): processing service artifactregistry ...
[07:30:01.444] INFO (4234): --------------------------------------
[07:30:01.482] INFO (4234): checking assuredworkloads...
[07:30:02.624] INFO (4234): --------------------------------------
[07:30:02.624] INFO (4234): processing service assuredworkloads ...
[07:30:02.624] INFO (4234): --------------------------------------
[07:30:02.650] INFO (4234): checking authorizedbuyersmarketplace...
[07:30:03.836] INFO (4234): checking baremetalsolution...
[07:30:05.281] INFO (4234): --------------------------------------
[07:30:05.281] INFO (4234): processing service baremetalsolution ...
[07:30:05.281] INFO (4234): --------------------------------------
[07:30:05.310] INFO (4234): checking batch...
[07:30:06.767] INFO (4234): --------------------------------------
[07:30:06.767] INFO (4234): processing service batch ...
[07:30:06.767] INFO (4234): --------------------------------------
[07:30:06.794] INFO (4234): checking beyondcorp...
[07:30:08.248] INFO (4234): --------------------------------------
[07:30:08.248] INFO (4234): processing service beyondcorp ...
[07:30:08.248] INFO (4234): --------------------------------------
[07:30:08.274] INFO (4234): checking bigquery...
[07:30:08.420] INFO (4234): --------------------------------------
[07:30:08.420] INFO (4234): processing service bigquery ...
[07:30:08.420] INFO (4234): --------------------------------------
[07:30:08.466] INFO (4234): checking bigqueryconnection...
[07:30:08.593] INFO (4234): --------------------------------------
[07:30:08.593] INFO (4234): processing service bigqueryconnection ...
[07:30:08.593] INFO (4234): --------------------------------------
[07:30:08.618] INFO (4234): checking bigquerydatatransfer...
[07:30:08.753] INFO (4234): --------------------------------------
[07:30:08.753] INFO (4234): processing service bigquerydatatransfer ...
[07:30:08.753] INFO (4234): --------------------------------------
[07:30:08.777] INFO (4234): checking bigqueryreservation...
[07:30:08.894] INFO (4234): --------------------------------------
[07:30:08.894] INFO (4234): processing service bigqueryreservation ...
[07:30:08.894] INFO (4234): --------------------------------------
[07:30:08.918] INFO (4234): checking bigtableadmin...
[07:30:09.054] INFO (4234): --------------------------------------
[07:30:09.054] INFO (4234): processing service bigtableadmin ...
[07:30:09.054] INFO (4234): --------------------------------------
[07:30:09.083] INFO (4234): checking billingbudgets...
[07:30:10.235] INFO (4234): --------------------------------------
[07:30:10.235] INFO (4234): processing service billingbudgets ...
[07:30:10.235] INFO (4234): --------------------------------------
[07:30:10.258] INFO (4234): checking binaryauthorization...
[07:30:10.474] INFO (4234): --------------------------------------
[07:30:10.474] INFO (4234): processing service binaryauthorization ...
[07:30:10.474] INFO (4234): --------------------------------------
[07:30:10.502] INFO (4234): checking blockchainnodeengine...
[07:30:11.939] INFO (4234): --------------------------------------
[07:30:11.939] INFO (4234): processing service blockchainnodeengine ...
[07:30:11.939] INFO (4234): --------------------------------------
[07:30:11.966] INFO (4234): checking blogger...
[07:30:13.292] INFO (4234): checking books...
[07:30:13.708] INFO (4234): checking businessprofileperformance...
[07:30:14.866] INFO (4234): service businessprofileperformance has no auth, skipping...
[07:30:14.866] INFO (4234): checking calendar...
[07:30:15.912] INFO (4234): checking certificatemanager...
[07:30:17.340] INFO (4234): --------------------------------------
[07:30:17.340] INFO (4234): processing service certificatemanager ...
[07:30:17.340] INFO (4234): --------------------------------------
[07:30:17.372] INFO (4234): checking chat...
[07:30:17.850] INFO (4234): checking checks...
[07:30:18.710] INFO (4234): checking chromemanagement...
[07:30:19.853] INFO (4234): checking chromepolicy...
[07:30:20.985] INFO (4234): checking chromeuxreport...
[07:30:21.478] INFO (4234): service chromeuxreport has no auth, skipping...
[07:30:21.478] INFO (4234): checking civicinfo...
[07:30:21.953] INFO (4234): service civicinfo has no auth, skipping...
[07:30:21.953] INFO (4234): checking classroom...
[07:30:23.491] INFO (4234): checking cloudasset...
[07:30:23.717] INFO (4234): --------------------------------------
[07:30:23.717] INFO (4234): processing service cloudasset ...
[07:30:23.717] INFO (4234): --------------------------------------
[07:30:23.727] WARN (4234): resTokens is empty for cloudasset.searchAllIamPolicies
[07:30:23.727] WARN (4234): resTokens is empty for cloudasset.analyzeIamPolicyLongrunning
[07:30:23.727] WARN (4234): resTokens is empty for cloudasset.queryAssets
[07:30:23.727] WARN (4234): resTokens is empty for cloudasset.batchGetAssetsHistory
[07:30:23.727] WARN (4234): resTokens is empty for cloudasset.analyzeMove
[07:30:23.751] INFO (4234): checking cloudbilling...
[07:30:24.527] INFO (4234): --------------------------------------
[07:30:24.527] INFO (4234): processing service cloudbilling ...
[07:30:24.527] INFO (4234): --------------------------------------
[07:30:24.549] INFO (4234): checking cloudbuild...
[07:30:25.157] INFO (4234): --------------------------------------
[07:30:25.157] INFO (4234): processing service cloudbuild ...
[07:30:25.157] INFO (4234): --------------------------------------
[07:30:25.167] WARN (4234): resTokens is empty for cloudbuild.webhook
[07:30:25.193] INFO (4234): checking cloudchannel...
[07:30:26.529] INFO (4234): checking clouddebugger...
[07:30:27.618] INFO (4234): --------------------------------------
[07:30:27.618] INFO (4234): processing service clouddebugger ...
[07:30:27.618] INFO (4234): --------------------------------------
[07:30:27.642] INFO (4234): checking clouddeploy...
[07:30:28.435] INFO (4234): --------------------------------------
[07:30:28.435] INFO (4234): processing service clouddeploy ...
[07:30:28.435] INFO (4234): --------------------------------------
[07:30:28.465] INFO (4234): checking clouderrorreporting...
[07:30:29.934] INFO (4234): --------------------------------------
[07:30:29.934] INFO (4234): processing service clouderrorreporting ...
[07:30:29.934] INFO (4234): --------------------------------------
[07:30:29.953] INFO (4234): checking cloudfunctions...
[07:30:30.385] INFO (4234): --------------------------------------
[07:30:30.385] INFO (4234): processing service cloudfunctions ...
[07:30:30.385] INFO (4234): --------------------------------------
[07:30:30.418] INFO (4234): checking cloudidentity...
[07:30:30.951] INFO (4234): --------------------------------------
[07:30:30.951] INFO (4234): processing service cloudidentity ...
[07:30:30.951] INFO (4234): --------------------------------------
[07:30:30.991] INFO (4234): checking cloudkms...
[07:30:31.840] INFO (4234): --------------------------------------
[07:30:31.840] INFO (4234): processing service cloudkms ...
[07:30:31.840] INFO (4234): --------------------------------------
[07:30:31.872] INFO (4234): checking cloudprofiler...
[07:30:32.244] INFO (4234): --------------------------------------
[07:30:32.244] INFO (4234): processing service cloudprofiler ...
[07:30:32.244] INFO (4234): --------------------------------------
[07:30:32.274] INFO (4234): checking cloudresourcemanager...
[07:30:33.572] INFO (4234): --------------------------------------
[07:30:33.572] INFO (4234): processing service cloudresourcemanager ...
[07:30:33.572] INFO (4234): --------------------------------------
[07:30:33.612] INFO (4234): checking cloudscheduler...
[07:30:33.983] INFO (4234): --------------------------------------
[07:30:33.983] INFO (4234): processing service cloudscheduler ...
[07:30:33.983] INFO (4234): --------------------------------------
[07:30:34.003] INFO (4234): checking cloudsearch...
[07:30:34.577] INFO (4234): checking cloudshell...
[07:30:34.926] INFO (4234): --------------------------------------
[07:30:34.926] INFO (4234): processing service cloudshell ...
[07:30:34.926] INFO (4234): --------------------------------------
[07:30:34.948] INFO (4234): checking cloudsupport...
[07:30:36.114] INFO (4234): --------------------------------------
[07:30:36.114] INFO (4234): processing service cloudsupport ...
[07:30:36.114] INFO (4234): --------------------------------------
[07:30:36.147] INFO (4234): checking cloudtasks...
[07:30:37.742] INFO (4234): --------------------------------------
[07:30:37.742] INFO (4234): processing service cloudtasks ...
[07:30:37.742] INFO (4234): --------------------------------------
[07:30:37.769] INFO (4234): checking cloudtrace...
[07:30:38.812] INFO (4234): --------------------------------------
[07:30:38.812] INFO (4234): processing service cloudtrace ...
[07:30:38.812] INFO (4234): --------------------------------------
[07:30:38.842] INFO (4234): checking composer...
[07:30:39.108] INFO (4234): --------------------------------------
[07:30:39.108] INFO (4234): processing service composer ...
[07:30:39.108] INFO (4234): --------------------------------------
[07:30:39.128] INFO (4234): checking compute...
[07:30:40.663] INFO (4234): --------------------------------------
[07:30:40.663] INFO (4234): processing service compute ...
[07:30:40.663] INFO (4234): --------------------------------------
[07:30:40.908] INFO (4234): checking connectors...
[07:30:42.470] INFO (4234): --------------------------------------
[07:30:42.470] INFO (4234): processing service connectors ...
[07:30:42.470] INFO (4234): --------------------------------------
[07:30:42.498] INFO (4234): checking contactcenteraiplatform...
[07:30:44.130] INFO (4234): --------------------------------------
[07:30:44.130] INFO (4234): processing service contactcenteraiplatform ...
[07:30:44.130] INFO (4234): --------------------------------------
[07:30:44.146] INFO (4234): checking contactcenterinsights...
[07:30:45.766] INFO (4234): --------------------------------------
[07:30:45.766] INFO (4234): processing service contactcenterinsights ...
[07:30:45.766] INFO (4234): --------------------------------------
[07:30:45.799] INFO (4234): checking container...
[07:30:46.088] INFO (4234): --------------------------------------
[07:30:46.088] INFO (4234): processing service container ...
[07:30:46.088] INFO (4234): --------------------------------------
[07:30:46.120] INFO (4234): checking containeranalysis...
[07:30:46.477] INFO (4234): --------------------------------------
[07:30:46.477] INFO (4234): processing service containeranalysis ...
[07:30:46.477] INFO (4234): --------------------------------------
[07:30:46.508] INFO (4234): checking content...
[07:30:47.622] INFO (4234): checking contentwarehouse...
[07:30:51.177] INFO (4234): --------------------------------------
[07:30:51.177] INFO (4234): processing service contentwarehouse ...
[07:30:51.177] INFO (4234): --------------------------------------
[07:30:51.507] INFO (4234): checking customsearch...
[07:30:51.850] INFO (4234): service customsearch has no auth, skipping...
[07:30:51.850] INFO (4234): checking datacatalog...
[07:30:52.199] INFO (4234): --------------------------------------
[07:30:52.199] INFO (4234): processing service datacatalog ...
[07:30:52.199] INFO (4234): --------------------------------------
[07:30:52.233] INFO (4234): checking dataflow...
[07:30:53.906] INFO (4234): --------------------------------------
[07:30:53.906] INFO (4234): processing service dataflow ...
[07:30:53.906] INFO (4234): --------------------------------------
[07:30:53.940] INFO (4234): checking dataform...
[07:30:55.523] INFO (4234): --------------------------------------
[07:30:55.523] INFO (4234): processing service dataform ...
[07:30:55.523] INFO (4234): --------------------------------------
[07:30:55.549] INFO (4234): checking datafusion...
[07:30:57.137] INFO (4234): --------------------------------------
[07:30:57.137] INFO (4234): processing service datafusion ...
[07:30:57.137] INFO (4234): --------------------------------------
[07:30:57.158] INFO (4234): checking datalabeling...
[07:30:58.537] INFO (4234): --------------------------------------
[07:30:58.537] INFO (4234): processing service datalabeling ...
[07:30:58.537] INFO (4234): --------------------------------------
[07:30:58.574] INFO (4234): checking datalineage...
[07:31:00.334] INFO (4234): --------------------------------------
[07:31:00.334] INFO (4234): processing service datalineage ...
[07:31:00.334] INFO (4234): --------------------------------------
[07:31:00.371] INFO (4234): checking datamigration...
[07:31:02.050] INFO (4234): --------------------------------------
[07:31:02.050] INFO (4234): processing service datamigration ...
[07:31:02.050] INFO (4234): --------------------------------------
[07:31:02.091] INFO (4234): checking datapipelines...
[07:31:03.518] INFO (4234): --------------------------------------
[07:31:03.518] INFO (4234): processing service datapipelines ...
[07:31:03.518] INFO (4234): --------------------------------------
[07:31:03.545] INFO (4234): checking dataplex...
[07:31:05.210] INFO (4234): --------------------------------------
[07:31:05.210] INFO (4234): processing service dataplex ...
[07:31:05.210] INFO (4234): --------------------------------------
[07:31:05.263] INFO (4234): checking dataproc...
[07:31:05.526] INFO (4234): --------------------------------------
[07:31:05.526] INFO (4234): processing service dataproc ...
[07:31:05.526] INFO (4234): --------------------------------------
[07:31:05.559] INFO (4234): checking datastore...
[07:31:05.900] INFO (4234): --------------------------------------
[07:31:05.900] INFO (4234): processing service datastore ...
[07:31:05.900] INFO (4234): --------------------------------------
[07:31:05.922] INFO (4234): checking datastream...
[07:31:07.495] INFO (4234): --------------------------------------
[07:31:07.495] INFO (4234): processing service datastream ...
[07:31:07.495] INFO (4234): --------------------------------------
[07:31:07.529] INFO (4234): checking deploymentmanager...
[07:31:09.103] INFO (4234): --------------------------------------
[07:31:09.103] INFO (4234): processing service deploymentmanager ...
[07:31:09.103] INFO (4234): --------------------------------------
[07:31:09.121] INFO (4234): checking dfareporting...
[07:31:11.057] INFO (4234): checking dialogflow...
[07:31:11.707] INFO (4234): --------------------------------------
[07:31:11.707] INFO (4234): processing service dialogflow ...
[07:31:11.707] INFO (4234): --------------------------------------
[07:31:11.774] INFO (4234): checking digitalassetlinks...
[07:31:12.039] INFO (4234): service digitalassetlinks has no auth, skipping...
[07:31:12.039] INFO (4234): checking discovery...
[07:31:12.245] INFO (4234): service discovery has no auth, skipping...
[07:31:12.245] INFO (4234): checking discoveryengine...
[07:31:14.155] INFO (4234): --------------------------------------
[07:31:14.155] INFO (4234): processing service discoveryengine ...
[07:31:14.155] INFO (4234): --------------------------------------
[07:31:14.179] INFO (4234): checking displayvideo...
[07:31:15.415] INFO (4234): checking dlp...
[07:31:16.389] INFO (4234): --------------------------------------
[07:31:16.389] INFO (4234): processing service dlp ...
[07:31:16.389] INFO (4234): --------------------------------------
[07:31:16.430] INFO (4234): checking dns...
[07:31:17.589] INFO (4234): --------------------------------------
[07:31:17.589] INFO (4234): processing service dns ...
[07:31:17.589] INFO (4234): --------------------------------------
[07:31:17.614] INFO (4234): checking docs...
[07:31:18.135] INFO (4234): checking documentai...
[07:31:19.494] INFO (4234): --------------------------------------
[07:31:19.494] INFO (4234): processing service documentai ...
[07:31:19.494] INFO (4234): --------------------------------------
[07:31:19.528] INFO (4234): checking domains...
[07:31:21.106] INFO (4234): --------------------------------------
[07:31:21.106] INFO (4234): processing service domains ...
[07:31:21.106] INFO (4234): --------------------------------------
[07:31:21.125] INFO (4234): checking domainsrdap...
[07:31:22.497] INFO (4234): service domainsrdap has no auth, skipping...
[07:31:22.497] INFO (4234): checking doubleclickbidmanager...
[07:31:24.072] INFO (4234): checking doubleclicksearch...
[07:31:25.621] INFO (4234): checking drive...
[07:31:25.979] INFO (4234): checking driveactivity...
[07:31:26.520] INFO (4234): checking drivelabels...
[07:31:27.748] INFO (4234): service drivelabels has no auth, skipping...
[07:31:27.748] INFO (4234): checking essentialcontacts...
[07:31:28.353] INFO (4234): --------------------------------------
[07:31:28.353] INFO (4234): processing service essentialcontacts ...
[07:31:28.353] INFO (4234): --------------------------------------
[07:31:28.379] INFO (4234): checking eventarc...
[07:31:29.959] INFO (4234): --------------------------------------
[07:31:29.959] INFO (4234): processing service eventarc ...
[07:31:29.959] INFO (4234): --------------------------------------
[07:31:29.983] INFO (4234): checking factchecktools...
[07:31:31.547] INFO (4234): checking fcm...
[07:31:31.804] INFO (4234): --------------------------------------
[07:31:31.804] INFO (4234): processing service fcm ...
[07:31:31.804] INFO (4234): --------------------------------------
[07:31:31.833] INFO (4234): checking fcmdata...
[07:31:33.026] INFO (4234): --------------------------------------
[07:31:33.026] INFO (4234): processing service fcmdata ...
[07:31:33.026] INFO (4234): --------------------------------------
[07:31:33.050] INFO (4234): checking file...
[07:31:34.641] INFO (4234): --------------------------------------
[07:31:34.641] INFO (4234): processing service file ...
[07:31:34.641] INFO (4234): --------------------------------------
[07:31:34.661] INFO (4234): checking firebase...
[07:31:35.232] INFO (4234): --------------------------------------
[07:31:35.232] INFO (4234): processing service firebase ...
[07:31:35.232] INFO (4234): --------------------------------------
[07:31:35.254] INFO (4234): checking firebaseappcheck...
[07:31:35.432] INFO (4234): --------------------------------------
[07:31:35.432] INFO (4234): processing service firebaseappcheck ...
[07:31:35.432] INFO (4234): --------------------------------------
[07:31:35.465] INFO (4234): checking firebaseappdistribution...
[07:31:37.050] INFO (4234): --------------------------------------
[07:31:37.050] INFO (4234): processing service firebaseappdistribution ...
[07:31:37.050] INFO (4234): --------------------------------------
[07:31:37.079] INFO (4234): checking firebasedatabase...
[07:31:38.640] INFO (4234): --------------------------------------
[07:31:38.640] INFO (4234): processing service firebasedatabase ...
[07:31:38.640] INFO (4234): --------------------------------------
[07:31:38.668] INFO (4234): checking firebasedynamiclinks...
[07:31:39.148] INFO (4234): checking firebasehosting...
[07:31:40.134] INFO (4234): service firebasehosting has no auth, skipping...
[07:31:40.134] INFO (4234): checking firebaseml...
[07:31:40.460] INFO (4234): --------------------------------------
[07:31:40.460] INFO (4234): processing service firebaseml ...
[07:31:40.460] INFO (4234): --------------------------------------
[07:31:40.477] INFO (4234): checking firebaserules...
[07:31:42.056] INFO (4234): --------------------------------------
[07:31:42.056] INFO (4234): processing service firebaserules ...
[07:31:42.056] INFO (4234): --------------------------------------
[07:31:42.082] INFO (4234): checking firebasestorage...
[07:31:42.337] INFO (4234): --------------------------------------
[07:31:42.337] INFO (4234): processing service firebasestorage ...
[07:31:42.337] INFO (4234): --------------------------------------
[07:31:42.365] INFO (4234): checking firestore...
[07:31:42.620] INFO (4234): --------------------------------------
[07:31:42.620] INFO (4234): processing service firestore ...
[07:31:42.620] INFO (4234): --------------------------------------
[07:31:42.654] INFO (4234): checking fitness...
[07:31:43.218] INFO (4234): checking forms...
[07:31:44.782] INFO (4234): checking games...
[07:31:45.322] INFO (4234): checking gamesConfiguration...
[07:31:45.807] INFO (4234): checking gamesManagement...
[07:31:46.291] INFO (4234): checking gameservices...
[07:31:47.874] INFO (4234): --------------------------------------
[07:31:47.874] INFO (4234): processing service gameservices ...
[07:31:47.874] INFO (4234): --------------------------------------
[07:31:47.891] INFO (4234): checking gkebackup...
[07:31:49.480] INFO (4234): --------------------------------------
[07:31:49.480] INFO (4234): processing service gkebackup ...
[07:31:49.480] INFO (4234): --------------------------------------
[07:31:49.507] INFO (4234): checking gkehub...
[07:31:51.134] INFO (4234): --------------------------------------
[07:31:51.134] INFO (4234): processing service gkehub ...
[07:31:51.134] INFO (4234): --------------------------------------
[07:31:51.165] INFO (4234): checking gkeonprem...
[07:31:52.793] INFO (4234): --------------------------------------
[07:31:52.793] INFO (4234): processing service gkeonprem ...
[07:31:52.793] INFO (4234): --------------------------------------
[07:31:52.831] INFO (4234): checking gmail...
[07:31:53.335] INFO (4234): checking gmailpostmastertools...
[07:31:54.857] INFO (4234): checking groupsmigration...
[07:31:56.399] INFO (4234): checking groupssettings...
[07:31:58.264] INFO (4234): checking healthcare...
[07:32:00.900] INFO (4234): --------------------------------------
[07:32:00.900] INFO (4234): processing service healthcare ...
[07:32:00.900] INFO (4234): --------------------------------------
[07:32:00.953] INFO (4234): checking homegraph...
[07:32:01.516] INFO (4234): checking iam...
[07:32:02.679] INFO (4234): --------------------------------------
[07:32:02.679] INFO (4234): processing service iam ...
[07:32:02.679] INFO (4234): --------------------------------------
[07:32:02.697] INFO (4234): checking iamcredentials...
[07:32:03.468] INFO (4234): --------------------------------------
[07:32:03.468] INFO (4234): processing service iamcredentials ...
[07:32:03.468] INFO (4234): --------------------------------------
[07:32:03.490] INFO (4234): checking iap...
[07:32:04.747] INFO (4234): --------------------------------------
[07:32:04.747] INFO (4234): processing service iap ...
[07:32:04.747] INFO (4234): --------------------------------------
[07:32:04.755] WARN (4234): resTokens is empty for iap.validateAttributeExpression
[07:32:04.755] WARN (4234): resTokens is empty for iap.setIamPolicy
[07:32:04.755] WARN (4234): resTokens is empty for iap.testIamPermissions
[07:32:04.755] WARN (4234): resTokens is empty for iap.updateIapSettings
[07:32:04.755] WARN (4234): resTokens is empty for iap.getIapSettings
[07:32:04.755] WARN (4234): resTokens is empty for iap.getIamPolicy
[07:32:04.767] INFO (4234): checking identitytoolkit...
[07:32:05.217] INFO (4234): --------------------------------------
[07:32:05.217] INFO (4234): processing service identitytoolkit ...
[07:32:05.217] INFO (4234): --------------------------------------
[07:32:05.251] INFO (4234): checking ids...
[07:32:06.798] INFO (4234): --------------------------------------
[07:32:06.798] INFO (4234): processing service ids ...
[07:32:06.798] INFO (4234): --------------------------------------
[07:32:06.822] INFO (4234): checking indexing...
[07:32:07.983] INFO (4234): checking integrations...
[07:32:08.467] INFO (4234): --------------------------------------
[07:32:08.467] INFO (4234): processing service integrations ...
[07:32:08.467] INFO (4234): --------------------------------------
[07:32:08.520] INFO (4234): checking jobs...
[07:32:09.142] INFO (4234): --------------------------------------
[07:32:09.142] INFO (4234): processing service jobs ...
[07:32:09.142] INFO (4234): --------------------------------------
[07:32:09.176] INFO (4234): checking keep...
[07:32:09.706] INFO (4234): checking kgsearch...
[07:32:11.717] INFO (4234): service kgsearch has no auth, skipping...
[07:32:11.717] INFO (4234): checking kmsinventory...
[07:32:12.910] INFO (4234): --------------------------------------
[07:32:12.910] INFO (4234): processing service kmsinventory ...
[07:32:12.910] INFO (4234): --------------------------------------
[07:32:12.943] INFO (4234): checking language...
[07:32:13.602] INFO (4234): --------------------------------------
[07:32:13.602] INFO (4234): processing service language ...
[07:32:13.602] INFO (4234): --------------------------------------
[07:32:13.623] INFO (4234): checking libraryagent...
[07:32:14.198] INFO (4234): --------------------------------------
[07:32:14.198] INFO (4234): processing service libraryagent ...
[07:32:14.198] INFO (4234): --------------------------------------
[07:32:14.223] INFO (4234): checking licensing...
[07:32:15.788] INFO (4234): checking lifesciences...
[07:32:17.412] INFO (4234): --------------------------------------
[07:32:17.412] INFO (4234): processing service lifesciences ...
[07:32:17.412] INFO (4234): --------------------------------------
[07:32:17.442] INFO (4234): checking localservices...
[07:32:18.989] INFO (4234): checking logging...
[07:32:19.363] INFO (4234): --------------------------------------
[07:32:19.363] INFO (4234): processing service logging ...
[07:32:19.363] INFO (4234): --------------------------------------
[07:32:19.376] WARN (4234): resTokens is empty for logging.updateCmekSettings
[07:32:19.376] WARN (4234): resTokens is empty for logging.getCmekSettings
[07:32:19.376] WARN (4234): resTokens is empty for logging.getSettings
[07:32:19.376] WARN (4234): resTokens is empty for logging.updateSettings
[07:32:19.414] INFO (4234): checking managedidentities...
[07:32:20.990] INFO (4234): --------------------------------------
[07:32:20.990] INFO (4234): processing service managedidentities ...
[07:32:20.990] INFO (4234): --------------------------------------
[07:32:21.023] INFO (4234): checking manufacturers...
[07:32:22.338] INFO (4234): checking memcache...
[07:32:23.921] INFO (4234): --------------------------------------
[07:32:23.921] INFO (4234): processing service memcache ...
[07:32:23.921] INFO (4234): --------------------------------------
[07:32:23.954] INFO (4234): checking metastore...
[07:32:25.547] INFO (4234): --------------------------------------
[07:32:25.547] INFO (4234): processing service metastore ...
[07:32:25.547] INFO (4234): --------------------------------------
[07:32:25.576] INFO (4234): checking migrationcenter...
[07:32:27.216] INFO (4234): --------------------------------------
[07:32:27.216] INFO (4234): processing service migrationcenter ...
[07:32:27.216] INFO (4234): --------------------------------------
[07:32:27.255] INFO (4234): checking ml...
[07:32:28.371] INFO (4234): --------------------------------------
[07:32:28.371] INFO (4234): processing service ml ...
[07:32:28.371] INFO (4234): --------------------------------------
[07:32:28.407] INFO (4234): checking monitoring...
[07:32:28.760] INFO (4234): --------------------------------------
[07:32:28.760] INFO (4234): processing service monitoring ...
[07:32:28.760] INFO (4234): --------------------------------------
[07:32:28.793] INFO (4234): checking mybusinessaccountmanagement...
[07:32:29.347] INFO (4234): service mybusinessaccountmanagement has no auth, skipping...
[07:32:29.347] INFO (4234): checking mybusinessbusinessinformation...
[07:32:30.687] INFO (4234): service mybusinessbusinessinformation has no auth, skipping...
[07:32:30.687] INFO (4234): checking mybusinesslodging...
[07:32:32.139] INFO (4234): service mybusinesslodging has no auth, skipping...
[07:32:32.139] INFO (4234): checking mybusinessnotifications...
[07:32:33.377] INFO (4234): service mybusinessnotifications has no auth, skipping...
[07:32:33.377] INFO (4234): checking mybusinessplaceactions...
[07:32:34.726] INFO (4234): service mybusinessplaceactions has no auth, skipping...
[07:32:34.726] INFO (4234): checking mybusinessqanda...
[07:32:35.804] INFO (4234): service mybusinessqanda has no auth, skipping...
[07:32:35.804] INFO (4234): checking mybusinessverifications...
[07:32:37.724] INFO (4234): service mybusinessverifications has no auth, skipping...
[07:32:37.724] INFO (4234): checking networkconnectivity...
[07:32:40.021] INFO (4234): --------------------------------------
[07:32:40.021] INFO (4234): processing service networkconnectivity ...
[07:32:40.021] INFO (4234): --------------------------------------
[07:32:40.080] INFO (4234): checking networkmanagement...
[07:32:41.975] INFO (4234): --------------------------------------
[07:32:41.975] INFO (4234): processing service networkmanagement ...
[07:32:41.975] INFO (4234): --------------------------------------
[07:32:42.010] INFO (4234): checking networksecurity...
[07:32:44.225] INFO (4234): --------------------------------------
[07:32:44.225] INFO (4234): processing service networksecurity ...
[07:32:44.225] INFO (4234): --------------------------------------
[07:32:44.255] INFO (4234): checking networkservices...
[07:32:45.848] INFO (4234): --------------------------------------
[07:32:45.848] INFO (4234): processing service networkservices ...
[07:32:45.848] INFO (4234): --------------------------------------
[07:32:45.880] INFO (4234): checking notebooks...
[07:32:47.473] INFO (4234): --------------------------------------
[07:32:47.473] INFO (4234): processing service notebooks ...
[07:32:47.473] INFO (4234): --------------------------------------
[07:32:47.505] INFO (4234): checking oauth2...
[07:32:47.715] INFO (4234): checking ondemandscanning...
[07:32:49.291] INFO (4234): --------------------------------------
[07:32:49.291] INFO (4234): processing service ondemandscanning ...
[07:32:49.291] INFO (4234): --------------------------------------
[07:32:49.334] INFO (4234): checking orgpolicy...
[07:32:50.736] INFO (4234): --------------------------------------
[07:32:50.736] INFO (4234): processing service orgpolicy ...
[07:32:50.736] INFO (4234): --------------------------------------
[07:32:50.759] INFO (4234): checking osconfig...
[07:32:51.267] INFO (4234): --------------------------------------
[07:32:51.267] INFO (4234): processing service osconfig ...
[07:32:51.267] INFO (4234): --------------------------------------
[07:32:51.327] INFO (4234): checking oslogin...
[07:32:51.746] INFO (4234): --------------------------------------
[07:32:51.746] INFO (4234): processing service oslogin ...
[07:32:51.746] INFO (4234): --------------------------------------
[07:32:51.770] INFO (4234): checking pagespeedonline...
[07:32:52.459] INFO (4234): checking paymentsresellersubscription...
[07:32:53.999] INFO (4234): service paymentsresellersubscription has no auth, skipping...
[07:32:53.999] INFO (4234): checking people...
[07:32:54.425] INFO (4234): checking places...
[07:32:55.240] INFO (4234): --------------------------------------
[07:32:55.240] INFO (4234): processing service places ...
[07:32:55.240] INFO (4234): --------------------------------------
[07:32:55.273] INFO (4234): checking playcustomapp...
[07:32:56.912] INFO (4234): checking playdeveloperreporting...
[07:32:59.064] INFO (4234): checking playintegrity...
[07:32:59.870] INFO (4234): checking policyanalyzer...
[07:33:01.490] INFO (4234): --------------------------------------
[07:33:01.490] INFO (4234): processing service policyanalyzer ...
[07:33:01.490] INFO (4234): --------------------------------------
[07:33:01.526] INFO (4234): checking policysimulator...
[07:33:03.151] INFO (4234): --------------------------------------
[07:33:03.151] INFO (4234): processing service policysimulator ...
[07:33:03.151] INFO (4234): --------------------------------------
[07:33:03.177] INFO (4234): checking policytroubleshooter...
[07:33:04.913] INFO (4234): --------------------------------------
[07:33:04.913] INFO (4234): processing service policytroubleshooter ...
[07:33:04.913] INFO (4234): --------------------------------------
[07:33:04.951] INFO (4234): checking poly...
[07:33:06.524] INFO (4234): service poly has no auth, skipping...
[07:33:06.525] INFO (4234): checking privateca...
[07:33:08.134] INFO (4234): --------------------------------------
[07:33:08.134] INFO (4234): processing service privateca ...
[07:33:08.134] INFO (4234): --------------------------------------
[07:33:08.177] INFO (4234): checking prod_tt_sasportal...
[07:33:09.465] INFO (4234): --------------------------------------
[07:33:09.465] INFO (4234): processing service prod_tt_sasportal ...
[07:33:09.465] INFO (4234): --------------------------------------
[07:33:09.504] INFO (4234): checking publicca...
[07:33:10.903] INFO (4234): --------------------------------------
[07:33:10.903] INFO (4234): processing service publicca ...
[07:33:10.903] INFO (4234): --------------------------------------
[07:33:10.920] INFO (4234): checking pubsub...
[07:33:11.087] INFO (4234): --------------------------------------
[07:33:11.087] INFO (4234): processing service pubsub ...
[07:33:11.087] INFO (4234): --------------------------------------
[07:33:11.115] INFO (4234): checking pubsublite...
[07:33:12.687] INFO (4234): --------------------------------------
[07:33:12.687] INFO (4234): processing service pubsublite ...
[07:33:12.687] INFO (4234): --------------------------------------
[07:33:12.711] INFO (4234): checking readerrevenuesubscriptionlinking...
[07:33:13.477] INFO (4234): service readerrevenuesubscriptionlinking has no auth, skipping...
[07:33:13.477] INFO (4234): checking realtimebidding...
[07:33:14.888] INFO (4234): checking recaptchaenterprise...
[07:33:15.246] INFO (4234): --------------------------------------
[07:33:15.246] INFO (4234): processing service recaptchaenterprise ...
[07:33:15.246] INFO (4234): --------------------------------------
[07:33:15.269] INFO (4234): checking recommendationengine...
[07:33:15.518] INFO (4234): --------------------------------------
[07:33:15.518] INFO (4234): processing service recommendationengine ...
[07:33:15.518] INFO (4234): --------------------------------------
[07:33:15.542] INFO (4234): checking recommender...
[07:33:16.139] INFO (4234): --------------------------------------
[07:33:16.139] INFO (4234): processing service recommender ...
[07:33:16.139] INFO (4234): --------------------------------------
[07:33:16.172] INFO (4234): checking redis...
[07:33:17.733] INFO (4234): --------------------------------------
[07:33:17.733] INFO (4234): processing service redis ...
[07:33:17.733] INFO (4234): --------------------------------------
[07:33:17.766] INFO (4234): checking reseller...
[07:33:19.394] INFO (4234): checking resourcesettings...
[07:33:20.791] INFO (4234): --------------------------------------
[07:33:20.792] INFO (4234): processing service resourcesettings ...
[07:33:20.792] INFO (4234): --------------------------------------
[07:33:20.811] INFO (4234): checking retail...
[07:33:21.772] INFO (4234): --------------------------------------
[07:33:21.772] INFO (4234): processing service retail ...
[07:33:21.772] INFO (4234): --------------------------------------
[07:33:21.810] INFO (4234): checking run...
[07:33:22.075] INFO (4234): --------------------------------------
[07:33:22.075] INFO (4234): processing service run ...
[07:33:22.075] INFO (4234): --------------------------------------
[07:33:22.102] INFO (4234): checking runtimeconfig...
[07:33:22.603] INFO (4234): --------------------------------------
[07:33:22.603] INFO (4234): processing service runtimeconfig ...
[07:33:22.603] INFO (4234): --------------------------------------
[07:33:22.641] INFO (4234): checking safebrowsing...
[07:33:23.129] INFO (4234): service safebrowsing has no auth, skipping...
[07:33:23.129] INFO (4234): checking sasportal...
[07:33:24.403] INFO (4234): --------------------------------------
[07:33:24.403] INFO (4234): processing service sasportal ...
[07:33:24.403] INFO (4234): --------------------------------------
[07:33:24.436] INFO (4234): checking script...
[07:33:26.037] INFO (4234): checking searchads360...
[07:33:26.414] INFO (4234): checking searchconsole...
[07:33:26.797] INFO (4234): checking secretmanager...
[07:33:27.084] INFO (4234): --------------------------------------
[07:33:27.084] INFO (4234): processing service secretmanager ...
[07:33:27.084] INFO (4234): --------------------------------------
[07:33:27.116] INFO (4234): checking securitycenter...
[07:33:28.459] INFO (4234): --------------------------------------
[07:33:28.459] INFO (4234): processing service securitycenter ...
[07:33:28.459] INFO (4234): --------------------------------------
[07:33:28.500] INFO (4234): checking serviceconsumermanagement...
[07:33:30.196] INFO (4234): --------------------------------------
[07:33:30.196] INFO (4234): processing service serviceconsumermanagement ...
[07:33:30.196] INFO (4234): --------------------------------------
[07:33:30.230] INFO (4234): checking servicecontrol...
[07:33:30.491] INFO (4234): --------------------------------------
[07:33:30.491] INFO (4234): processing service servicecontrol ...
[07:33:30.491] INFO (4234): --------------------------------------
[07:33:30.517] INFO (4234): checking servicedirectory...
[07:33:31.885] INFO (4234): --------------------------------------
[07:33:31.885] INFO (4234): processing service servicedirectory ...
[07:33:31.885] INFO (4234): --------------------------------------
[07:33:31.904] INFO (4234): checking servicemanagement...
[07:33:33.576] INFO (4234): --------------------------------------
[07:33:33.576] INFO (4234): processing service servicemanagement ...
[07:33:33.576] INFO (4234): --------------------------------------
[07:33:33.607] INFO (4234): checking servicenetworking...
[07:33:35.295] INFO (4234): --------------------------------------
[07:33:35.295] INFO (4234): processing service servicenetworking ...
[07:33:35.295] INFO (4234): --------------------------------------
[07:33:35.331] INFO (4234): checking serviceusage...
[07:33:37.020] INFO (4234): --------------------------------------
[07:33:37.020] INFO (4234): processing service serviceusage ...
[07:33:37.020] INFO (4234): --------------------------------------
[07:33:37.054] INFO (4234): checking sheets...
[07:33:37.780] INFO (4234): checking siteVerification...
[07:33:38.111] INFO (4234): checking slides...
[07:33:38.784] INFO (4234): checking smartdevicemanagement...
[07:33:40.356] INFO (4234): checking sourcerepo...
[07:33:41.149] INFO (4234): --------------------------------------
[07:33:41.149] INFO (4234): processing service sourcerepo ...
[07:33:41.149] INFO (4234): --------------------------------------
[07:33:41.178] INFO (4234): checking spanner...
[07:33:41.446] INFO (4234): --------------------------------------
[07:33:41.446] INFO (4234): processing service spanner ...
[07:33:41.446] INFO (4234): --------------------------------------
[07:33:41.483] INFO (4234): checking speech...
[07:33:42.158] INFO (4234): --------------------------------------
[07:33:42.158] INFO (4234): processing service speech ...
[07:33:42.158] INFO (4234): --------------------------------------
[07:33:42.187] INFO (4234): checking sqladmin...
[07:33:42.449] INFO (4234): --------------------------------------
[07:33:42.449] INFO (4234): processing service sqladmin ...
[07:33:42.449] INFO (4234): --------------------------------------
[07:33:42.484] INFO (4234): checking storage...
[07:33:42.879] INFO (4234): --------------------------------------
[07:33:42.879] INFO (4234): processing service storage ...
[07:33:42.879] INFO (4234): --------------------------------------
[07:33:42.912] INFO (4234): checking storagetransfer...
[07:33:44.202] INFO (4234): --------------------------------------
[07:33:44.202] INFO (4234): processing service storagetransfer ...
[07:33:44.202] INFO (4234): --------------------------------------
[07:33:44.222] INFO (4234): checking streetviewpublish...
[07:33:45.782] INFO (4234): checking sts...
[07:33:46.137] INFO (4234): service sts has no auth, skipping...
[07:33:46.137] INFO (4234): checking tagmanager...
[07:33:47.424] INFO (4234): checking tasks...
[07:33:47.930] INFO (4234): checking testing...
[07:33:49.270] INFO (4234): --------------------------------------
[07:33:49.270] INFO (4234): processing service testing ...
[07:33:49.270] INFO (4234): --------------------------------------
[07:33:49.302] INFO (4234): checking texttospeech...
[07:33:49.873] INFO (4234): --------------------------------------
[07:33:49.873] INFO (4234): processing service texttospeech ...
[07:33:49.873] INFO (4234): --------------------------------------
[07:33:49.893] INFO (4234): checking toolresults...
[07:33:51.184] INFO (4234): --------------------------------------
[07:33:51.184] INFO (4234): processing service toolresults ...
[07:33:51.184] INFO (4234): --------------------------------------
[07:33:51.214] INFO (4234): checking tpu...
[07:33:52.775] INFO (4234): --------------------------------------
[07:33:52.775] INFO (4234): processing service tpu ...
[07:33:52.775] INFO (4234): --------------------------------------
[07:33:52.798] INFO (4234): checking trafficdirector...
[07:33:53.140] INFO (4234): --------------------------------------
[07:33:53.140] INFO (4234): processing service trafficdirector ...
[07:33:53.140] INFO (4234): --------------------------------------
[07:33:53.163] INFO (4234): checking transcoder...
[07:33:54.749] INFO (4234): --------------------------------------
[07:33:54.749] INFO (4234): processing service transcoder ...
[07:33:54.749] INFO (4234): --------------------------------------
[07:33:54.771] INFO (4234): checking translate...
[07:33:55.082] INFO (4234): --------------------------------------
[07:33:55.082] INFO (4234): processing service translate ...
[07:33:55.082] INFO (4234): --------------------------------------
[07:33:55.109] INFO (4234): checking travelimpactmodel...
[07:33:56.507] INFO (4234): service travelimpactmodel has no auth, skipping...
[07:33:56.507] INFO (4234): checking vault...
[07:33:58.081] INFO (4234): checking verifiedaccess...
[07:33:59.301] INFO (4234): checking versionhistory...
[07:34:00.643] INFO (4234): service versionhistory has no auth, skipping...
[07:34:00.643] INFO (4234): checking videointelligence...
[07:34:01.259] INFO (4234): --------------------------------------
[07:34:01.259] INFO (4234): processing service videointelligence ...
[07:34:01.259] INFO (4234): --------------------------------------
[07:34:01.290] INFO (4234): checking vision...
[07:34:01.730] INFO (4234): --------------------------------------
[07:34:01.730] INFO (4234): processing service vision ...
[07:34:01.730] INFO (4234): --------------------------------------
[07:34:01.777] INFO (4234): checking vmmigration...
[07:34:03.377] INFO (4234): --------------------------------------
[07:34:03.377] INFO (4234): processing service vmmigration ...
[07:34:03.377] INFO (4234): --------------------------------------
[07:34:03.412] INFO (4234): checking vpcaccess...
[07:34:05.080] INFO (4234): --------------------------------------
[07:34:05.080] INFO (4234): processing service vpcaccess ...
[07:34:05.080] INFO (4234): --------------------------------------
[07:34:05.108] INFO (4234): checking webfonts...
[07:34:05.453] INFO (4234): service webfonts has no auth, skipping...
[07:34:05.453] INFO (4234): checking webrisk...
[07:34:06.106] INFO (4234): --------------------------------------
[07:34:06.106] INFO (4234): processing service webrisk ...
[07:34:06.106] INFO (4234): --------------------------------------
[07:34:06.124] INFO (4234): checking websecurityscanner...
[07:34:06.626] INFO (4234): --------------------------------------
[07:34:06.626] INFO (4234): processing service websecurityscanner ...
[07:34:06.626] INFO (4234): --------------------------------------
[07:34:06.646] INFO (4234): checking workflowexecutions...
[07:34:08.224] INFO (4234): --------------------------------------
[07:34:08.224] INFO (4234): processing service workflowexecutions ...
[07:34:08.224] INFO (4234): --------------------------------------
[07:34:08.252] INFO (4234): checking workflows...
[07:34:09.821] INFO (4234): --------------------------------------
[07:34:09.821] INFO (4234): processing service workflows ...
[07:34:09.821] INFO (4234): --------------------------------------
[07:34:09.842] INFO (4234): checking workloadmanager...
[07:34:11.423] INFO (4234): --------------------------------------
[07:34:11.423] INFO (4234): processing service workloadmanager ...
[07:34:11.423] INFO (4234): --------------------------------------
[07:34:11.442] INFO (4234): checking workstations...
[07:34:13.027] INFO (4234): --------------------------------------
[07:34:13.027] INFO (4234): processing service workstations ...
[07:34:13.027] INFO (4234): --------------------------------------
[07:34:13.050] INFO (4234): checking youtube...
[07:34:13.399] INFO (4234): checking youtubeAnalytics...
[07:34:14.164] INFO (4234): checking youtubereporting...
