[07:49:45.832] INFO (1691): generate called...
[07:49:45.833] INFO (1691): output directory: /mnt/c/LocalGitRepos/stackql/google-discovery-to-openapi/openapi
[07:49:45.833] INFO (1691): Getting root discovery document...
[07:49:46.469] INFO (1691): processing: 262 services...
[07:49:51.675] INFO (1691): processing abusiveexperiencereport...
Abusive Experience Report API
[07:49:53.386] INFO (1691): processing acceleratedmobilepageurl...
Accelerated Mobile Pages (AMP) URL API
[07:49:53.808] INFO (1691): processing accessapproval...
Access Approval API
{
  oauth2: {
    scopes: { 'https://www.googleapis.com/auth/cloud-platform': [Object] }
  }
}
[07:49:55.523] INFO (1691): processing accesscontextmanager...
Access Context Manager API
{
  oauth2: {
    scopes: { 'https://www.googleapis.com/auth/cloud-platform': [Object] }
  }
}
[07:49:56.759] INFO (1691): processing acmedns...
[07:49:56.759] WARN (1691): service acmedns not found in any category
ACME DNS API
[07:49:58.307] ERROR (1691): ENOENT: no such file or directory, mkdir '/mnt/c/LocalGitRepos/stackql/google-discovery-to-openapi/openapi/lostandfound/acmedns'
    err: {
      "type": "Error",
      "message": "ENOENT: no such file or directory, mkdir '/mnt/c/LocalGitRepos/stackql/google-discovery-to-openapi/openapi/lostandfound/acmedns'",
      "stack":
          Error: ENOENT: no such file or directory, mkdir '/mnt/c/LocalGitRepos/stackql/google-discovery-to-openapi/openapi/lostandfound/acmedns'
              at Module.mkdirSync (node:fs:1401:3)
              at createDir (file:///mnt/c/LocalGitRepos/stackql/google-discovery-to-openapi/src/util/filesystem.js:17:12)
              at processService (file:///mnt/c/LocalGitRepos/stackql/google-discovery-to-openapi/src/commands/generate.js:49:9)
              at generateSpecs (file:///mnt/c/LocalGitRepos/stackql/google-discovery-to-openapi/src/commands/generate.js:209:19)
              at process.processTicksAndRejections (node:internal/process/task_queues:95:5)
              at async main (file:///mnt/c/LocalGitRepos/stackql/google-discovery-to-openapi/src/index.js:22:13)
      "errno": -2,
      "syscall": "mkdir",
      "code": "ENOENT",
      "path": "/mnt/c/LocalGitRepos/stackql/google-discovery-to-openapi/openapi/lostandfound/acmedns"
    }
[07:49:58.315] ERROR (1691): ENOENT: no such file or directory, open '/mnt/c/LocalGitRepos/stackql/google-discovery-to-openapi/openapi/lostandfound/acmedns/acmedns.yaml'
    err: {
      "type": "Error",
      "message": "ENOENT: no such file or directory, open '/mnt/c/LocalGitRepos/stackql/google-discovery-to-openapi/openapi/lostandfound/acmedns/acmedns.yaml'",
      "stack":
          Error: ENOENT: no such file or directory, open '/mnt/c/LocalGitRepos/stackql/google-discovery-to-openapi/openapi/lostandfound/acmedns/acmedns.yaml'
              at Object.openSync (node:fs:590:3)
              at Module.writeFileSync (node:fs:2248:35)
              at writeFile (file:///mnt/c/LocalGitRepos/stackql/google-discovery-to-openapi/src/util/filesystem.js:7:12)
              at processService (file:///mnt/c/LocalGitRepos/stackql/google-discovery-to-openapi/src/commands/generate.js:108:15)
              at generateSpecs (file:///mnt/c/LocalGitRepos/stackql/google-discovery-to-openapi/src/commands/generate.js:209:19)
              at process.processTicksAndRejections (node:internal/process/task_queues:95:5)
              at async main (file:///mnt/c/LocalGitRepos/stackql/google-discovery-to-openapi/src/index.js:22:13)
      "errno": -2,
      "syscall": "open",
      "code": "ENOENT",
      "path": "/mnt/c/LocalGitRepos/stackql/google-discovery-to-openapi/openapi/lostandfound/acmedns/acmedns.yaml"
    }
[07:49:58.316] INFO (1691): processing adexchangebuyer2...
Ad Exchange Buyer API II
{
  oauth2: {
    scopes: { 'https://www.googleapis.com/auth/adexchange.buyer': [Object] }
  }
}
[07:49:59.764] INFO (1691): processing adexperiencereport...
Ad Experience Report API
[07:50:02.112] INFO (1691): processing admin...
Admin SDK API
{
  oauth2: {
    scopes: {
      'https://www.googleapis.com/auth/admin.reports.usage.readonly': [Object],
      'https://www.googleapis.com/auth/admin.reports.audit.readonly': [Object]
    }
  }
}
[07:50:02.829] INFO (1691): processing admob...
AdMob API
{
  oauth2: {
    scopes: {
      'https://www.googleapis.com/auth/admob.readonly': [Object],
      'https://www.googleapis.com/auth/admob.report': [Object]
    }
  }
}
[07:50:04.325] INFO (1691): processing adsense...
AdSense Management API
{
  oauth2: {
    scopes: {
      'https://www.googleapis.com/auth/adsense': [Object],
      'https://www.googleapis.com/auth/adsense.readonly': [Object]
    }
  }
}
[07:50:06.019] INFO (1691): processing adsensehost...
AdSense Host API
{
  oauth2: {
    scopes: { 'https://www.googleapis.com/auth/adsensehost': [Object] }
  }
}
[07:50:07.785] INFO (1691): processing advisorynotifications...
[07:50:07.785] WARN (1691): service advisorynotifications not found in any category
Advisory Notifications API
{
  oauth2: {
    scopes: { 'https://www.googleapis.com/auth/cloud-platform': [Object] }
  }
}
[07:50:09.292] ERROR (1691): ENOENT: no such file or directory, mkdir '/mnt/c/LocalGitRepos/stackql/google-discovery-to-openapi/openapi/lostandfound/advisorynotifications'
    err: {
      "type": "Error",
      "message": "ENOENT: no such file or directory, mkdir '/mnt/c/LocalGitRepos/stackql/google-discovery-to-openapi/openapi/lostandfound/advisorynotifications'",
      "stack":
          Error: ENOENT: no such file or directory, mkdir '/mnt/c/LocalGitRepos/stackql/google-discovery-to-openapi/openapi/lostandfound/advisorynotifications'
              at Module.mkdirSync (node:fs:1401:3)
              at createDir (file:///mnt/c/LocalGitRepos/stackql/google-discovery-to-openapi/src/util/filesystem.js:17:12)
              at processService (file:///mnt/c/LocalGitRepos/stackql/google-discovery-to-openapi/src/commands/generate.js:49:9)
              at generateSpecs (file:///mnt/c/LocalGitRepos/stackql/google-discovery-to-openapi/src/commands/generate.js:209:19)
              at process.processTicksAndRejections (node:internal/process/task_queues:95:5)
              at async main (file:///mnt/c/LocalGitRepos/stackql/google-discovery-to-openapi/src/index.js:22:13)
      "errno": -2,
      "syscall": "mkdir",
      "code": "ENOENT",
      "path": "/mnt/c/LocalGitRepos/stackql/google-discovery-to-openapi/openapi/lostandfound/advisorynotifications"
    }
[07:50:09.307] ERROR (1691): ENOENT: no such file or directory, open '/mnt/c/LocalGitRepos/stackql/google-discovery-to-openapi/openapi/lostandfound/advisorynotifications/advisorynotifications.yaml'
    err: {
      "type": "Error",
      "message": "ENOENT: no such file or directory, open '/mnt/c/LocalGitRepos/stackql/google-discovery-to-openapi/openapi/lostandfound/advisorynotifications/advisorynotifications.yaml'",
      "stack":
          Error: ENOENT: no such file or directory, open '/mnt/c/LocalGitRepos/stackql/google-discovery-to-openapi/openapi/lostandfound/advisorynotifications/advisorynotifications.yaml'
              at Object.openSync (node:fs:590:3)
              at Module.writeFileSync (node:fs:2248:35)
              at writeFile (file:///mnt/c/LocalGitRepos/stackql/google-discovery-to-openapi/src/util/filesystem.js:7:12)
              at processService (file:///mnt/c/LocalGitRepos/stackql/google-discovery-to-openapi/src/commands/generate.js:108:15)
              at generateSpecs (file:///mnt/c/LocalGitRepos/stackql/google-discovery-to-openapi/src/commands/generate.js:209:19)
              at process.processTicksAndRejections (node:internal/process/task_queues:95:5)
              at async main (file:///mnt/c/LocalGitRepos/stackql/google-discovery-to-openapi/src/index.js:22:13)
      "errno": -2,
      "syscall": "open",
      "code": "ENOENT",
      "path": "/mnt/c/LocalGitRepos/stackql/google-discovery-to-openapi/openapi/lostandfound/advisorynotifications/advisorynotifications.yaml"
    }
[07:50:09.308] INFO (1691): processing alertcenter...
Google Workspace Alert Center API
{
  oauth2: {
    scopes: { 'https://www.googleapis.com/auth/apps.alerts': [Object] }
  }
}
[07:50:10.941] INFO (1691): processing analytics...
Google Analytics API
{
  oauth2: {
    scopes: {
      'https://www.googleapis.com/auth/analytics.edit': [Object],
      'https://www.googleapis.com/auth/analytics.readonly': [Object],
      'https://www.googleapis.com/auth/analytics.provision': [Object],
      'https://www.googleapis.com/auth/analytics.manage.users.readonly': [Object],
      'https://www.googleapis.com/auth/analytics.manage.users': [Object],
      'https://www.googleapis.com/auth/analytics': [Object],
      'https://www.googleapis.com/auth/analytics.user.deletion': [Object]
    }
  }
}
[07:50:12.047] INFO (1691): processing analyticsadmin...
Google Analytics Admin API
{
  oauth2: {
    scopes: {
      'https://www.googleapis.com/auth/analytics.readonly': [Object],
      'https://www.googleapis.com/auth/analytics.edit': [Object]
    }
  }
}
[07:50:13.829] INFO (1691): processing analyticsdata...
Google Analytics Data API
{
  oauth2: {
    scopes: {
      'https://www.googleapis.com/auth/analytics.readonly': [Object],
      'https://www.googleapis.com/auth/analytics': [Object]
    }
  }
}
Analytics Hub API
{
  oauth2: {
    scopes: {
      'https://www.googleapis.com/auth/bigquery': [Object],
      'https://www.googleapis.com/auth/cloud-platform': [Object]
    }
  }
}
Analytics Reporting API
{
  oauth2: {
    scopes: {
      'https://www.googleapis.com/auth/analytics': [Object],
      'https://www.googleapis.com/auth/analytics.readonly': [Object]
    }
  }
}
[07:50:15.645] INFO (1691): processing analyticshub...
[07:50:15.884] INFO (1691): processing analyticsreporting...
[07:50:16.297] INFO (1691): processing androiddeviceprovisioning...
Android Device Provisioning Partner API
[07:50:16.855] INFO (1691): processing androidenterprise...
Google Play EMM API
{
  oauth2: {
    scopes: { 'https://www.googleapis.com/auth/androidenterprise': [Object] }
  }
}
[07:50:17.343] INFO (1691): processing androidmanagement...
Android Management API
{
  oauth2: {
    scopes: { 'https://www.googleapis.com/auth/androidmanagement': [Object] }
  }
}
[07:50:18.730] INFO (1691): processing androidpublisher...
Google Play Android Developer API
{
  oauth2: {
    scopes: { 'https://www.googleapis.com/auth/androidpublisher': [Object] }
  }
}
[07:50:19.503] INFO (1691): processing apigateway...
API Gateway API
{
  oauth2: {
    scopes: { 'https://www.googleapis.com/auth/cloud-platform': [Object] }
  }
}
[07:50:21.183] INFO (1691): processing apigee...
Apigee API
{
  oauth2: {
    scopes: { 'https://www.googleapis.com/auth/cloud-platform': [Object] }
  }
}
[07:50:22.093] INFO (1691): processing apigeeregistry...
Apigee Registry API
{
  oauth2: {
    scopes: { 'https://www.googleapis.com/auth/cloud-platform': [Object] }
  }
}
[07:50:23.723] INFO (1691): processing apikeys...
API Keys API
{
  oauth2: {
    scopes: {
      'https://www.googleapis.com/auth/cloud-platform.read-only': [Object],
      'https://www.googleapis.com/auth/cloud-platform': [Object]
    }
  }
}
App Engine Admin API
{
  oauth2: {
    scopes: {
      'https://www.googleapis.com/auth/cloud-platform': [Object],
      'https://www.googleapis.com/auth/cloud-platform.read-only': [Object],
      'https://www.googleapis.com/auth/appengine.admin': [Object]
    }
  }
}
[07:50:25.229] INFO (1691): processing appengine...
[07:50:25.530] INFO (1691): processing area120tables...
Area120 Tables API
{
  oauth2: {
    scopes: {
      'https://www.googleapis.com/auth/tables': [Object],
      'https://www.googleapis.com/auth/spreadsheets.readonly': [Object],
      'https://www.googleapis.com/auth/drive.readonly': [Object],
      'https://www.googleapis.com/auth/drive.file': [Object],
      'https://www.googleapis.com/auth/drive': [Object],
      'https://www.googleapis.com/auth/spreadsheets': [Object]
    }
  }
}
[07:50:26.743] INFO (1691): processing artifactregistry...
Artifact Registry API
{
  oauth2: {
    scopes: {
      'https://www.googleapis.com/auth/cloud-platform': [Object],
      'https://www.googleapis.com/auth/cloud-platform.read-only': [Object]
    }
  }
}
[07:50:28.281] INFO (1691): processing assuredworkloads...
Assured Workloads API
{
  oauth2: {
    scopes: { 'https://www.googleapis.com/auth/cloud-platform': [Object] }
  }
}
[07:50:29.575] INFO (1691): processing authorizedbuyersmarketplace...
Authorized Buyers Marketplace API
{
  oauth2: {
    scopes: {
      'https://www.googleapis.com/auth/authorized-buyers-marketplace': [Object]
    }
  }
}
[07:50:30.993] INFO (1691): processing baremetalsolution...
Bare Metal Solution API
{
  oauth2: {
    scopes: { 'https://www.googleapis.com/auth/cloud-platform': [Object] }
  }
}
[07:50:32.586] INFO (1691): processing batch...
Batch API
{
  oauth2: {
    scopes: { 'https://www.googleapis.com/auth/cloud-platform': [Object] }
  }
}
[07:50:34.152] INFO (1691): processing beyondcorp...
BeyondCorp API
{
  oauth2: {
    scopes: { 'https://www.googleapis.com/auth/cloud-platform': [Object] }
  }
}
[07:50:35.766] INFO (1691): processing bigquery...
BigQuery API
{
  oauth2: {
    scopes: {
      'https://www.googleapis.com/auth/bigquery': [Object],
      'https://www.googleapis.com/auth/cloud-platform': [Object],
      'https://www.googleapis.com/auth/cloud-platform.read-only': [Object],
      'https://www.googleapis.com/auth/devstorage.read_write': [Object],
      'https://www.googleapis.com/auth/bigquery.insertdata': [Object],
      'https://www.googleapis.com/auth/devstorage.read_only': [Object],
      'https://www.googleapis.com/auth/devstorage.full_control': [Object]
    }
  }
}
[07:50:36.360] INFO (1691): processing bigqueryconnection...
BigQuery Connection API
{
  oauth2: {
    scopes: {
      'https://www.googleapis.com/auth/bigquery': [Object],
      'https://www.googleapis.com/auth/cloud-platform': [Object]
    }
  }
}
[07:50:36.951] INFO (1691): processing bigquerydatatransfer...
BigQuery Data Transfer API
{
  oauth2: {
    scopes: {
      'https://www.googleapis.com/auth/bigquery': [Object],
      'https://www.googleapis.com/auth/cloud-platform.read-only': [Object],
      'https://www.googleapis.com/auth/cloud-platform': [Object]
    }
  }
}
[07:50:37.231] INFO (1691): processing bigqueryreservation...
BigQuery Reservation API
{
  oauth2: {
    scopes: {
      'https://www.googleapis.com/auth/cloud-platform': [Object],
      'https://www.googleapis.com/auth/bigquery': [Object]
    }
  }
}
[07:50:37.459] INFO (1691): processing bigtableadmin...
Cloud Bigtable Admin API
{
  oauth2: {
    scopes: {
      'https://www.googleapis.com/auth/bigtable.admin': [Object],
      'https://www.googleapis.com/auth/bigtable.admin.cluster': [Object],
      'https://www.googleapis.com/auth/bigtable.admin.instance': [Object],
      'https://www.googleapis.com/auth/bigtable.admin.table': [Object],
      'https://www.googleapis.com/auth/cloud-bigtable.admin': [Object],
      'https://www.googleapis.com/auth/cloud-bigtable.admin.cluster': [Object],
      'https://www.googleapis.com/auth/cloud-bigtable.admin.table': [Object],
      'https://www.googleapis.com/auth/cloud-platform': [Object],
      'https://www.googleapis.com/auth/cloud-platform.read-only': [Object]
    }
  }
}
[07:50:37.796] INFO (1691): processing billingbudgets...
Cloud Billing Budget API
{
  oauth2: {
    scopes: {
      'https://www.googleapis.com/auth/cloud-billing': [Object],
      'https://www.googleapis.com/auth/cloud-platform': [Object]
    }
  }
}
[07:50:39.032] INFO (1691): processing binaryauthorization...
Binary Authorization API
{
  oauth2: {
    scopes: { 'https://www.googleapis.com/auth/cloud-platform': [Object] }
  }
}
[07:50:39.312] INFO (1691): processing blogger...
Blogger API
{
  oauth2: {
    scopes: {
      'https://www.googleapis.com/auth/blogger.readonly': [Object],
      'https://www.googleapis.com/auth/blogger': [Object]
    }
  }
}
Books API
{
  oauth2: { scopes: { 'https://www.googleapis.com/auth/books': [Object] } }
}
Business Profile Performance API
[07:50:40.731] INFO (1691): processing books...
[07:50:41.212] INFO (1691): processing businessprofileperformance...
[07:50:41.620] INFO (1691): processing calendar...
Calendar API
{
  oauth2: {
    scopes: {
      'https://www.googleapis.com/auth/calendar': [Object],
      'https://www.googleapis.com/auth/calendar.events': [Object],
      'https://www.googleapis.com/auth/calendar.settings.readonly': [Object],
      'https://www.googleapis.com/auth/calendar.readonly': [Object],
      'https://www.googleapis.com/auth/calendar.events.readonly': [Object]
    }
  }
}
[07:50:42.866] INFO (1691): processing certificatemanager...
Certificate Manager API
{
  oauth2: {
    scopes: { 'https://www.googleapis.com/auth/cloud-platform': [Object] }
  }
}
[07:50:44.404] INFO (1691): processing chat...
Google Chat API
{
  oauth2: {
    scopes: {
      'https://www.googleapis.com/auth/chat.memberships.readonly': [Object],
      'https://www.googleapis.com/auth/chat.bot': [Object],
      'https://www.googleapis.com/auth/chat.spaces.readonly': [Object],
      'https://www.googleapis.com/auth/chat.messages.create': [Object],
      'https://www.googleapis.com/auth/chat.messages': [Object],
      'https://www.googleapis.com/auth/chat.memberships': [Object],
      'https://www.googleapis.com/auth/chat.messages.readonly': [Object],
      'https://www.googleapis.com/auth/chat.spaces': [Object]
    }
  }
}
[07:50:45.948] INFO (1691): processing chromemanagement...
Chrome Management API
{
  oauth2: {
    scopes: {
      'https://www.googleapis.com/auth/chrome.management.telemetry.readonly': [Object],
      'https://www.googleapis.com/auth/chrome.management.reports.readonly': [Object],
      'https://www.googleapis.com/auth/chrome.management.appdetails.readonly': [Object]
    }
  }
}
[07:50:47.422] INFO (1691): processing chromepolicy...
Chrome Policy API
{
  oauth2: {
    scopes: {
      'https://www.googleapis.com/auth/chrome.management.policy': [Object],
      'https://www.googleapis.com/auth/chrome.management.policy.readonly': [Object]
    }
  }
}
Chrome UX Report API
[07:50:48.912] INFO (1691): processing chromeuxreport...
[07:50:49.460] INFO (1691): processing civicinfo...
Google Civic Information API
[07:50:50.036] INFO (1691): processing classroom...
Google Classroom API
{
  oauth2: {
    scopes: {
      'https://www.googleapis.com/auth/classroom.profile.photos': [Object],
      'https://www.googleapis.com/auth/classroom.student-submissions.me.readonly': [Object],
      'https://www.googleapis.com/auth/classroom.guardianlinks.students.readonly': [Object],
      'https://www.googleapis.com/auth/classroom.rosters.readonly': [Object],
      'https://www.googleapis.com/auth/classroom.profile.emails': [Object],
      'https://www.googleapis.com/auth/classroom.courses.readonly': [Object],
      'https://www.googleapis.com/auth/classroom.guardianlinks.students': [Object],
      'https://www.googleapis.com/auth/classroom.courses': [Object],
      'https://www.googleapis.com/auth/classroom.coursework.me': [Object],
      'https://www.googleapis.com/auth/classroom.courseworkmaterials': [Object],
      'https://www.googleapis.com/auth/classroom.announcements.readonly': [Object],
      'https://www.googleapis.com/auth/classroom.guardianlinks.me.readonly': [Object],
      'https://www.googleapis.com/auth/classroom.courseworkmaterials.readonly': [Object],
      'https://www.googleapis.com/auth/classroom.student-submissions.students.readonly': [Object],
      'https://www.googleapis.com/auth/classroom.topics.readonly': [Object],
      'https://www.googleapis.com/auth/classroom.announcements': [Object],
      'https://www.googleapis.com/auth/classroom.push-notifications': [Object],
      'https://www.googleapis.com/auth/classroom.coursework.me.readonly': [Object],
      'https://www.googleapis.com/auth/classroom.coursework.students.readonly': [Object],
      'https://www.googleapis.com/auth/classroom.topics': [Object],
      'https://www.googleapis.com/auth/classroom.rosters': [Object],
      'https://www.googleapis.com/auth/classroom.coursework.students': [Object]
    }
  }
}
Cloud Asset API
{
  oauth2: {
    scopes: { 'https://www.googleapis.com/auth/cloud-platform': [Object] }
  }
}
[07:50:51.742] INFO (1691): processing cloudasset...
[07:50:52.082] INFO (1691): processing cloudbilling...
Cloud Billing API
{
  oauth2: {
    scopes: {
      'https://www.googleapis.com/auth/cloud-billing': [Object],
      'https://www.googleapis.com/auth/cloud-billing.readonly': [Object],
      'https://www.googleapis.com/auth/cloud-platform': [Object]
    }
  }
}
[07:50:52.548] INFO (1691): processing cloudbuild...
Cloud Build API
{
  oauth2: {
    scopes: { 'https://www.googleapis.com/auth/cloud-platform': [Object] }
  }
}
[07:50:54.163] INFO (1691): processing cloudchannel...
Cloud Channel API
{
  oauth2: {
    scopes: {
      'https://www.googleapis.com/auth/apps.reports.usage.readonly': [Object],
      'https://www.googleapis.com/auth/apps.order': [Object]
    }
  }
}
[07:50:55.560] INFO (1691): processing clouddebugger...
Cloud Debugger API
{
  oauth2: {
    scopes: {
      'https://www.googleapis.com/auth/cloud-platform': [Object],
      'https://www.googleapis.com/auth/cloud_debugger': [Object]
    }
  }
}
[07:50:56.497] INFO (1691): processing clouddeploy...
Google Cloud Deploy API
{
  oauth2: {
    scopes: { 'https://www.googleapis.com/auth/cloud-platform': [Object] }
  }
}
[07:50:58.102] INFO (1691): processing clouderrorreporting...
Error Reporting API
{
  oauth2: {
    scopes: { 'https://www.googleapis.com/auth/cloud-platform': [Object] }
  }
}
[07:50:59.674] INFO (1691): processing cloudfunctions...
Cloud Functions API
{
  oauth2: {
    scopes: { 'https://www.googleapis.com/auth/cloud-platform': [Object] }
  }
}
[07:51:00.295] INFO (1691): processing cloudidentity...
Cloud Identity API
{
  oauth2: {
    scopes: {
      'https://www.googleapis.com/auth/cloud-identity.groups': [Object],
      'https://www.googleapis.com/auth/cloud-identity.devices': [Object],
      'https://www.googleapis.com/auth/cloud-platform': [Object],
      'https://www.googleapis.com/auth/cloud-identity.devices.readonly': [Object],
      'https://www.googleapis.com/auth/cloud-identity.groups.readonly': [Object],
      'https://www.googleapis.com/auth/cloud-identity.devices.lookup': [Object]
    }
  }
}
Cloud Key Management Service (KMS) API
{
  oauth2: {
    scopes: {
      'https://www.googleapis.com/auth/cloud-platform': [Object],
      'https://www.googleapis.com/auth/cloudkms': [Object]
    }
  }
}
Cloud Profiler API
{
  oauth2: {
    scopes: {
      'https://www.googleapis.com/auth/cloud-platform': [Object],
      'https://www.googleapis.com/auth/monitoring': [Object],
      'https://www.googleapis.com/auth/monitoring.write': [Object]
    }
  }
}
[07:51:01.823] INFO (1691): processing cloudkms...
[07:51:02.104] INFO (1691): processing cloudprofiler...
[07:51:02.428] INFO (1691): processing cloudresourcemanager...
Cloud Resource Manager API
{
  oauth2: {
    scopes: {
      'https://www.googleapis.com/auth/cloud-platform': [Object],
      'https://www.googleapis.com/auth/cloud-platform.read-only': [Object]
    }
  }
}
Cloud Scheduler API
{
  oauth2: {
    scopes: { 'https://www.googleapis.com/auth/cloud-platform': [Object] }
  }
}
[07:51:03.708] INFO (1691): processing cloudscheduler...
[07:51:04.004] INFO (1691): processing cloudsearch...
Cloud Search API
{
  oauth2: {
    scopes: {
      'https://www.googleapis.com/auth/cloud_search': [Object],
      'https://www.googleapis.com/auth/cloud_search.debug': [Object],
      'https://www.googleapis.com/auth/cloud_search.indexing': [Object],
      'https://www.googleapis.com/auth/cloud_search.query': [Object],
      'https://www.googleapis.com/auth/cloud_search.settings': [Object],
      'https://www.googleapis.com/auth/cloud_search.settings.indexing': [Object],
      'https://www.googleapis.com/auth/cloud_search.settings.query': [Object],
      'https://www.googleapis.com/auth/cloud_search.stats': [Object],
      'https://www.googleapis.com/auth/cloud_search.stats.indexing': [Object]
    }
  }
}
Cloud Shell API
{
  oauth2: {
    scopes: { 'https://www.googleapis.com/auth/cloud-platform': [Object] }
  }
}
[07:51:05.124] INFO (1691): processing cloudshell...
[07:51:05.356] INFO (1691): processing cloudsupport...
Google Cloud Support API
{
  oauth2: {
    scopes: { 'https://www.googleapis.com/auth/cloud-platform': [Object] }
  }
}
Cloud Tasks API
{
  oauth2: {
    scopes: { 'https://www.googleapis.com/auth/cloud-platform': [Object] }
  }
}
[07:51:06.581] INFO (1691): processing cloudtasks...
[07:51:07.096] INFO (1691): processing cloudtrace...
Cloud Trace API
{
  oauth2: {
    scopes: {
      'https://www.googleapis.com/auth/trace.append': [Object],
      'https://www.googleapis.com/auth/cloud-platform': [Object]
    }
  }
}
[07:51:07.702] INFO (1691): processing composer...
Cloud Composer API
{
  oauth2: {
    scopes: { 'https://www.googleapis.com/auth/cloud-platform': [Object] }
  }
}
[07:51:07.994] INFO (1691): processing compute...
Compute Engine API
{
  oauth2: {
    scopes: {
      'https://www.googleapis.com/auth/compute.readonly': [Object],
      'https://www.googleapis.com/auth/devstorage.full_control': [Object],
      'https://www.googleapis.com/auth/cloud-platform': [Object],
      'https://www.googleapis.com/auth/devstorage.read_only': [Object],
      'https://www.googleapis.com/auth/devstorage.read_write': [Object],
      'https://www.googleapis.com/auth/compute': [Object]
    }
  }
}
[07:51:09.966] INFO (1691): processing connectors...
Connectors API
{
  oauth2: {
    scopes: { 'https://www.googleapis.com/auth/cloud-platform': [Object] }
  }
}
[07:51:11.545] INFO (1691): processing contactcenteraiplatform...
Contact Center AI Platform API
{
  oauth2: {
    scopes: { 'https://www.googleapis.com/auth/cloud-platform': [Object] }
  }
}
[07:51:13.107] INFO (1691): processing contactcenterinsights...
Contact Center AI Insights API
{
  oauth2: {
    scopes: { 'https://www.googleapis.com/auth/cloud-platform': [Object] }
  }
}
Kubernetes Engine API
{
  oauth2: {
    scopes: { 'https://www.googleapis.com/auth/cloud-platform': [Object] }
  }
}
[07:51:14.878] INFO (1691): processing container...
[07:51:15.226] INFO (1691): processing containeranalysis...
Container Analysis API
{
  oauth2: {
    scopes: { 'https://www.googleapis.com/auth/cloud-platform': [Object] }
  }
}
[07:51:15.546] INFO (1691): processing content...
Content API for Shopping
{
  oauth2: { scopes: { 'https://www.googleapis.com/auth/content': [Object] } }
}
[07:51:16.624] INFO (1691): processing contentwarehouse...
Document AI Warehouse API
{
  oauth2: {
    scopes: { 'https://www.googleapis.com/auth/cloud-platform': [Object] }
  }
}
Custom Search API
Google Cloud Data Catalog API
{
  oauth2: {
    scopes: { 'https://www.googleapis.com/auth/cloud-platform': [Object] }
  }
}
[07:51:20.918] INFO (1691): processing customsearch...
[07:51:21.170] INFO (1691): processing datacatalog...
[07:51:21.533] INFO (1691): processing dataflow...
Dataflow API
{
  oauth2: {
    scopes: {
      'https://www.googleapis.com/auth/cloud-platform': [Object],
      'https://www.googleapis.com/auth/compute.readonly': [Object],
      'https://www.googleapis.com/auth/userinfo.email': [Object],
      'https://www.googleapis.com/auth/compute': [Object]
    }
  }
}
[07:51:23.631] INFO (1691): processing dataform...
Dataform API
{
  oauth2: {
    scopes: { 'https://www.googleapis.com/auth/cloud-platform': [Object] }
  }
}
[07:51:25.184] INFO (1691): processing datafusion...
Cloud Data Fusion API
{
  oauth2: {
    scopes: { 'https://www.googleapis.com/auth/cloud-platform': [Object] }
  }
}
[07:51:26.721] INFO (1691): processing datalabeling...
Data Labeling API
{
  oauth2: {
    scopes: { 'https://www.googleapis.com/auth/cloud-platform': [Object] }
  }
}
[07:51:27.964] INFO (1691): processing datalineage...
[07:51:27.964] WARN (1691): service datalineage not found in any category
Data Lineage API
{
  oauth2: {
    scopes: { 'https://www.googleapis.com/auth/cloud-platform': [Object] }
  }
}
[07:51:29.729] ERROR (1691): ENOENT: no such file or directory, mkdir '/mnt/c/LocalGitRepos/stackql/google-discovery-to-openapi/openapi/lostandfound/datalineage'
    err: {
      "type": "Error",
      "message": "ENOENT: no such file or directory, mkdir '/mnt/c/LocalGitRepos/stackql/google-discovery-to-openapi/openapi/lostandfound/datalineage'",
      "stack":
          Error: ENOENT: no such file or directory, mkdir '/mnt/c/LocalGitRepos/stackql/google-discovery-to-openapi/openapi/lostandfound/datalineage'
              at Module.mkdirSync (node:fs:1401:3)
              at createDir (file:///mnt/c/LocalGitRepos/stackql/google-discovery-to-openapi/src/util/filesystem.js:17:12)
              at processService (file:///mnt/c/LocalGitRepos/stackql/google-discovery-to-openapi/src/commands/generate.js:49:9)
              at generateSpecs (file:///mnt/c/LocalGitRepos/stackql/google-discovery-to-openapi/src/commands/generate.js:209:19)
              at process.processTicksAndRejections (node:internal/process/task_queues:95:5)
              at async main (file:///mnt/c/LocalGitRepos/stackql/google-discovery-to-openapi/src/index.js:22:13)
      "errno": -2,
      "syscall": "mkdir",
      "code": "ENOENT",
      "path": "/mnt/c/LocalGitRepos/stackql/google-discovery-to-openapi/openapi/lostandfound/datalineage"
    }
[07:51:29.740] ERROR (1691): ENOENT: no such file or directory, open '/mnt/c/LocalGitRepos/stackql/google-discovery-to-openapi/openapi/lostandfound/datalineage/datalineage.yaml'
    err: {
      "type": "Error",
      "message": "ENOENT: no such file or directory, open '/mnt/c/LocalGitRepos/stackql/google-discovery-to-openapi/openapi/lostandfound/datalineage/datalineage.yaml'",
      "stack":
          Error: ENOENT: no such file or directory, open '/mnt/c/LocalGitRepos/stackql/google-discovery-to-openapi/openapi/lostandfound/datalineage/datalineage.yaml'
              at Object.openSync (node:fs:590:3)
              at Module.writeFileSync (node:fs:2248:35)
              at writeFile (file:///mnt/c/LocalGitRepos/stackql/google-discovery-to-openapi/src/util/filesystem.js:7:12)
              at processService (file:///mnt/c/LocalGitRepos/stackql/google-discovery-to-openapi/src/commands/generate.js:108:15)
              at generateSpecs (file:///mnt/c/LocalGitRepos/stackql/google-discovery-to-openapi/src/commands/generate.js:209:19)
              at process.processTicksAndRejections (node:internal/process/task_queues:95:5)
              at async main (file:///mnt/c/LocalGitRepos/stackql/google-discovery-to-openapi/src/index.js:22:13)
      "errno": -2,
      "syscall": "open",
      "code": "ENOENT",
      "path": "/mnt/c/LocalGitRepos/stackql/google-discovery-to-openapi/openapi/lostandfound/datalineage/datalineage.yaml"
    }
[07:51:29.740] INFO (1691): processing datamigration...
Database Migration API
{
  oauth2: {
    scopes: { 'https://www.googleapis.com/auth/cloud-platform': [Object] }
  }
}
[07:51:31.466] INFO (1691): processing datapipelines...
Data pipelines API
{
  oauth2: {
    scopes: { 'https://www.googleapis.com/auth/cloud-platform': [Object] }
  }
}
[07:51:33.017] INFO (1691): processing dataplex...
Cloud Dataplex API
{
  oauth2: {
    scopes: { 'https://www.googleapis.com/auth/cloud-platform': [Object] }
  }
}
[07:51:35.013] INFO (1691): processing dataproc...
Cloud Dataproc API
{
  oauth2: {
    scopes: { 'https://www.googleapis.com/auth/cloud-platform': [Object] }
  }
}
[07:51:35.392] INFO (1691): processing datastore...
Cloud Datastore API
{
  oauth2: {
    scopes: {
      'https://www.googleapis.com/auth/cloud-platform': [Object],
      'https://www.googleapis.com/auth/datastore': [Object]
    }
  }
}
[07:51:35.689] INFO (1691): processing datastream...
Datastream API
{
  oauth2: {
    scopes: { 'https://www.googleapis.com/auth/cloud-platform': [Object] }
  }
}
[07:51:37.233] INFO (1691): processing deploymentmanager...
Cloud Deployment Manager V2 API
{
  oauth2: {
    scopes: {
      'https://www.googleapis.com/auth/ndev.cloudman': [Object],
      'https://www.googleapis.com/auth/cloud-platform.read-only': [Object],
      'https://www.googleapis.com/auth/ndev.cloudman.readonly': [Object],
      'https://www.googleapis.com/auth/cloud-platform': [Object]
    }
  }
}
[07:51:38.859] INFO (1691): processing dfareporting...
Campaign Manager 360 API
{
  oauth2: {
    scopes: {
      'https://www.googleapis.com/auth/dfatrafficking': [Object],
      'https://www.googleapis.com/auth/ddmconversions': [Object],
      'https://www.googleapis.com/auth/dfareporting': [Object]
    }
  }
}
Dialogflow API
{
  oauth2: {
    scopes: {
      'https://www.googleapis.com/auth/cloud-platform': [Object],
      'https://www.googleapis.com/auth/dialogflow': [Object]
    }
  }
}
Digital Asset Links API
API Discovery Service
[07:51:41.023] INFO (1691): processing dialogflow...
[07:51:41.515] INFO (1691): processing digitalassetlinks...
[07:51:41.735] INFO (1691): processing discovery...
[07:51:41.883] INFO (1691): processing discoveryengine...
Discovery Engine API
{
  oauth2: {
    scopes: { 'https://www.googleapis.com/auth/cloud-platform': [Object] }
  }
}
[07:51:42.176] INFO (1691): processing displayvideo...
Display & Video 360 API
{
  oauth2: {
    scopes: {
      'https://www.googleapis.com/auth/display-video-mediaplanning': [Object],
      'https://www.googleapis.com/auth/doubleclickbidmanager': [Object],
      'https://www.googleapis.com/auth/display-video': [Object],
      'https://www.googleapis.com/auth/display-video-user-management': [Object]
    }
  }
}
[07:51:44.392] INFO (1691): processing dlp...
Cloud DNS API
{
  oauth2: {
    scopes: {
      'https://www.googleapis.com/auth/cloud-platform.read-only': [Object],
      'https://www.googleapis.com/auth/cloud-platform': [Object],
      'https://www.googleapis.com/auth/ndev.clouddns.readwrite': [Object],
      'https://www.googleapis.com/auth/ndev.clouddns.readonly': [Object]
    }
  }
}
[07:51:47.006] ERROR (1691): request to https://dlp.googleapis.com/$discovery/rest?version=v2 failed, reason: 
    err: {
      "type": "FetchError",
      "message": "request to https://dlp.googleapis.com/$discovery/rest?version=v2 failed, reason: ",
      "stack":
          FetchError: request to https://dlp.googleapis.com/$discovery/rest?version=v2 failed, reason: 
              at ClientRequest.<anonymous> (file:///mnt/c/LocalGitRepos/stackql/google-discovery-to-openapi/node_modules/node-fetch/src/index.js:108:11)
              at ClientRequest.emit (node:events:511:28)
              at TLSSocket.socketErrorListener (node:_http_client:495:9)
              at TLSSocket.emit (node:events:511:28)
              at emitErrorNT (node:internal/streams/destroy:151:8)
              at emitErrorCloseNT (node:internal/streams/destroy:116:3)
              at process.processTicksAndRejections (node:internal/process/task_queues:82:21)
      "errno": "ENETUNREACH",
      "code": "ENETUNREACH"
    }
[07:51:47.007] INFO (1691): processing dns...
[07:51:47.532] INFO (1691): processing docs...
Google Docs API
{
  oauth2: {
    scopes: {
      'https://www.googleapis.com/auth/drive': [Object],
      'https://www.googleapis.com/auth/drive.readonly': [Object],
      'https://www.googleapis.com/auth/drive.file': [Object],
      'https://www.googleapis.com/auth/documents': [Object],
      'https://www.googleapis.com/auth/documents.readonly': [Object]
    }
  }
}
[07:51:48.291] INFO (1691): processing documentai...
Cloud Document AI API
{
  oauth2: {
    scopes: { 'https://www.googleapis.com/auth/cloud-platform': [Object] }
  }
}
[07:51:49.665] INFO (1691): processing domains...
Cloud Domains API
{
  oauth2: {
    scopes: { 'https://www.googleapis.com/auth/cloud-platform': [Object] }
  }
}
[07:51:51.271] INFO (1691): processing domainsrdap...
Domains RDAP API
[07:51:52.775] INFO (1691): processing doubleclickbidmanager...
DoubleClick Bid Manager API
{
  oauth2: {
    scopes: {
      'https://www.googleapis.com/auth/doubleclickbidmanager': [Object]
    }
  }
}
[07:51:54.273] INFO (1691): processing doubleclicksearch...
Search Ads 360 API
{
  oauth2: {
    scopes: { 'https://www.googleapis.com/auth/doubleclicksearch': [Object] }
  }
}
Drive API
{
  oauth2: {
    scopes: {
      'https://www.googleapis.com/auth/drive': [Object],
      'https://www.googleapis.com/auth/drive.appdata': [Object],
      'https://www.googleapis.com/auth/drive.file': [Object],
      'https://www.googleapis.com/auth/drive.metadata': [Object],
      'https://www.googleapis.com/auth/drive.metadata.readonly': [Object],
      'https://www.googleapis.com/auth/drive.photos.readonly': [Object],
      'https://www.googleapis.com/auth/drive.readonly': [Object],
      'https://www.googleapis.com/auth/drive.scripts': [Object]
    }
  }
}
[07:51:55.894] INFO (1691): processing drive...
[07:51:56.262] INFO (1691): processing driveactivity...
Drive Activity API
{
  oauth2: {
    scopes: {
      'https://www.googleapis.com/auth/drive.activity': [Object],
      'https://www.googleapis.com/auth/drive.activity.readonly': [Object]
    }
  }
}
[07:51:57.379] INFO (1691): processing drivelabels...
Drive Labels API
[07:51:58.613] INFO (1691): processing essentialcontacts...
Essential Contacts API
{
  oauth2: {
    scopes: { 'https://www.googleapis.com/auth/cloud-platform': [Object] }
  }
}
[07:51:59.257] INFO (1691): processing eventarc...
Eventarc API
{
  oauth2: {
    scopes: { 'https://www.googleapis.com/auth/cloud-platform': [Object] }
  }
}
[07:52:00.912] INFO (1691): processing factchecktools...
Fact Check Tools API
{
  oauth2: {
    scopes: { 'https://www.googleapis.com/auth/userinfo.email': [Object] }
  }
}
Firebase Cloud Messaging API
{
  oauth2: {
    scopes: {
      'https://www.googleapis.com/auth/cloud-platform': [Object],
      'https://www.googleapis.com/auth/firebase.messaging': [Object]
    }
  }
}
[07:52:02.499] INFO (1691): processing fcm...
[07:52:02.769] INFO (1691): processing fcmdata...
Firebase Cloud Messaging Data API
{
  oauth2: {
    scopes: { 'https://www.googleapis.com/auth/cloud-platform': [Object] }
  }
}
[07:52:04.146] INFO (1691): processing file...
Cloud Filestore API
{
  oauth2: {
    scopes: { 'https://www.googleapis.com/auth/cloud-platform': [Object] }
  }
}
Firebase Management API
{
  oauth2: {
    scopes: {
      'https://www.googleapis.com/auth/firebase': [Object],
      'https://www.googleapis.com/auth/cloud-platform': [Object],
      'https://www.googleapis.com/auth/firebase.readonly': [Object],
      'https://www.googleapis.com/auth/cloud-platform.read-only': [Object]
    }
  }
}
Firebase App Check API
{
  oauth2: {
    scopes: {
      'https://www.googleapis.com/auth/cloud-platform': [Object],
      'https://www.googleapis.com/auth/firebase': [Object]
    }
  }
}
[07:52:05.884] INFO (1691): processing firebase...
[07:52:06.205] INFO (1691): processing firebaseappcheck...
[07:52:06.445] INFO (1691): processing firebaseappdistribution...
[07:52:06.445] WARN (1691): service firebaseappdistribution not found in any category
Firebase App Distribution API
{
  oauth2: {
    scopes: { 'https://www.googleapis.com/auth/cloud-platform': [Object] }
  }
}
Firebase Realtime Database API
{
  oauth2: {
    scopes: {
      'https://www.googleapis.com/auth/cloud-platform.read-only': [Object],
      'https://www.googleapis.com/auth/firebase.readonly': [Object],
      'https://www.googleapis.com/auth/cloud-platform': [Object],
      'https://www.googleapis.com/auth/firebase': [Object]
    }
  }
}
[07:52:07.971] ERROR (1691): ENOENT: no such file or directory, mkdir '/mnt/c/LocalGitRepos/stackql/google-discovery-to-openapi/openapi/lostandfound/firebaseappdistribution'
    err: {
      "type": "Error",
      "message": "ENOENT: no such file or directory, mkdir '/mnt/c/LocalGitRepos/stackql/google-discovery-to-openapi/openapi/lostandfound/firebaseappdistribution'",
      "stack":
          Error: ENOENT: no such file or directory, mkdir '/mnt/c/LocalGitRepos/stackql/google-discovery-to-openapi/openapi/lostandfound/firebaseappdistribution'
              at Module.mkdirSync (node:fs:1401:3)
              at createDir (file:///mnt/c/LocalGitRepos/stackql/google-discovery-to-openapi/src/util/filesystem.js:17:12)
              at processService (file:///mnt/c/LocalGitRepos/stackql/google-discovery-to-openapi/src/commands/generate.js:49:9)
              at generateSpecs (file:///mnt/c/LocalGitRepos/stackql/google-discovery-to-openapi/src/commands/generate.js:209:19)
              at process.processTicksAndRejections (node:internal/process/task_queues:95:5)
              at async main (file:///mnt/c/LocalGitRepos/stackql/google-discovery-to-openapi/src/index.js:22:13)
      "errno": -2,
      "syscall": "mkdir",
      "code": "ENOENT",
      "path": "/mnt/c/LocalGitRepos/stackql/google-discovery-to-openapi/openapi/lostandfound/firebaseappdistribution"
    }
[07:52:07.986] ERROR (1691): ENOENT: no such file or directory, open '/mnt/c/LocalGitRepos/stackql/google-discovery-to-openapi/openapi/lostandfound/firebaseappdistribution/firebaseappdistribution.yaml'
    err: {
      "type": "Error",
      "message": "ENOENT: no such file or directory, open '/mnt/c/LocalGitRepos/stackql/google-discovery-to-openapi/openapi/lostandfound/firebaseappdistribution/firebaseappdistribution.yaml'",
      "stack":
          Error: ENOENT: no such file or directory, open '/mnt/c/LocalGitRepos/stackql/google-discovery-to-openapi/openapi/lostandfound/firebaseappdistribution/firebaseappdistribution.yaml'
              at Object.openSync (node:fs:590:3)
              at Module.writeFileSync (node:fs:2248:35)
              at writeFile (file:///mnt/c/LocalGitRepos/stackql/google-discovery-to-openapi/src/util/filesystem.js:7:12)
              at processService (file:///mnt/c/LocalGitRepos/stackql/google-discovery-to-openapi/src/commands/generate.js:108:15)
              at generateSpecs (file:///mnt/c/LocalGitRepos/stackql/google-discovery-to-openapi/src/commands/generate.js:209:19)
              at process.processTicksAndRejections (node:internal/process/task_queues:95:5)
              at async main (file:///mnt/c/LocalGitRepos/stackql/google-discovery-to-openapi/src/index.js:22:13)
      "errno": -2,
      "syscall": "open",
      "code": "ENOENT",
      "path": "/mnt/c/LocalGitRepos/stackql/google-discovery-to-openapi/openapi/lostandfound/firebaseappdistribution/firebaseappdistribution.yaml"
    }
[07:52:07.986] INFO (1691): processing firebasedatabase...
[07:52:08.524] INFO (1691): processing firebasedynamiclinks...
Firebase Dynamic Links API
{
  oauth2: { scopes: { 'https://www.googleapis.com/auth/firebase': [Object] } }
}
[07:52:08.936] INFO (1691): processing firebasehosting...
Firebase Hosting API
[07:52:09.563] INFO (1691): processing firebaseml...
Firebase ML API
{
  oauth2: {
    scopes: { 'https://www.googleapis.com/auth/cloud-platform': [Object] }
  }
}
[07:52:10.633] INFO (1691): processing firebaserules...
Firebase Rules API
{
  oauth2: {
    scopes: {
      'https://www.googleapis.com/auth/firebase': [Object],
      'https://www.googleapis.com/auth/cloud-platform': [Object],
      'https://www.googleapis.com/auth/firebase.readonly': [Object]
    }
  }
}
Cloud Storage for Firebase API
{
  oauth2: {
    scopes: {
      'https://www.googleapis.com/auth/cloud-platform': [Object],
      'https://www.googleapis.com/auth/firebase': [Object]
    }
  }
}
Cloud Firestore API
{
  oauth2: {
    scopes: {
      'https://www.googleapis.com/auth/cloud-platform': [Object],
      'https://www.googleapis.com/auth/datastore': [Object]
    }
  }
}
[07:52:11.758] INFO (1691): processing firebasestorage...
[07:52:12.021] INFO (1691): processing firestore...
[07:52:12.387] INFO (1691): processing fitness...
Fitness API
{
  oauth2: {
    scopes: {
      'https://www.googleapis.com/auth/fitness.oxygen_saturation.read': [Object],
      'https://www.googleapis.com/auth/fitness.blood_pressure.write': [Object],
      'https://www.googleapis.com/auth/fitness.activity.read': [Object],
      'https://www.googleapis.com/auth/fitness.sleep.write': [Object],
      'https://www.googleapis.com/auth/fitness.blood_glucose.write': [Object],
      'https://www.googleapis.com/auth/fitness.blood_pressure.read': [Object],
      'https://www.googleapis.com/auth/fitness.nutrition.read': [Object],
      'https://www.googleapis.com/auth/fitness.location.read': [Object],
      'https://www.googleapis.com/auth/fitness.reproductive_health.write': [Object],
      'https://www.googleapis.com/auth/fitness.nutrition.write': [Object],
      'https://www.googleapis.com/auth/fitness.sleep.read': [Object],
      'https://www.googleapis.com/auth/fitness.body_temperature.read': [Object],
      'https://www.googleapis.com/auth/fitness.body.write': [Object],
      'https://www.googleapis.com/auth/fitness.body.read': [Object],
      'https://www.googleapis.com/auth/fitness.body_temperature.write': [Object],
      'https://www.googleapis.com/auth/fitness.heart_rate.read': [Object],
      'https://www.googleapis.com/auth/fitness.heart_rate.write': [Object],
      'https://www.googleapis.com/auth/fitness.oxygen_saturation.write': [Object],
      'https://www.googleapis.com/auth/fitness.activity.write': [Object],
      'https://www.googleapis.com/auth/fitness.location.write': [Object],
      'https://www.googleapis.com/auth/fitness.blood_glucose.read': [Object],
      'https://www.googleapis.com/auth/fitness.reproductive_health.read': [Object]
    }
  }
}
[07:52:13.008] INFO (1691): processing forms...
Google Forms API
{
  oauth2: {
    scopes: {
      'https://www.googleapis.com/auth/forms.body': [Object],
      'https://www.googleapis.com/auth/drive': [Object],
      'https://www.googleapis.com/auth/forms.responses.readonly': [Object],
      'https://www.googleapis.com/auth/drive.file': [Object],
      'https://www.googleapis.com/auth/forms.body.readonly': [Object],
      'https://www.googleapis.com/auth/drive.readonly': [Object]
    }
  }
}
Google Play Game Services
{
  oauth2: {
    scopes: {
      'https://www.googleapis.com/auth/drive.appdata': [Object],
      'https://www.googleapis.com/auth/games': [Object]
    }
  }
}
[07:52:14.586] INFO (1691): processing games...
[07:52:15.050] INFO (1691): processing gamesConfiguration...
Google Play Game Services Publishing API
{
  oauth2: {
    scopes: { 'https://www.googleapis.com/auth/androidpublisher': [Object] }
  }
}
[07:52:16.216] INFO (1691): processing gamesManagement...
Google Play Game Management
{
  oauth2: { scopes: { 'https://www.googleapis.com/auth/games': [Object] } }
}
[07:52:17.416] INFO (1691): processing gameservices...
Game Services API
{
  oauth2: {
    scopes: { 'https://www.googleapis.com/auth/cloud-platform': [Object] }
  }
}
[07:52:18.938] INFO (1691): processing genomics...
Genomics API
{
  oauth2: {
    scopes: {
      'https://www.googleapis.com/auth/cloud-platform': [Object],
      'https://www.googleapis.com/auth/genomics': [Object]
    }
  }
}
[07:52:20.445] INFO (1691): processing gkebackup...
Backup for GKE API
{
  oauth2: {
    scopes: { 'https://www.googleapis.com/auth/cloud-platform': [Object] }
  }
}
[07:52:22.023] INFO (1691): processing gkehub...
GKE Hub API
{
  oauth2: {
    scopes: { 'https://www.googleapis.com/auth/cloud-platform': [Object] }
  }
}
[07:52:24.627] INFO (1691): processing gkeonprem...
[07:52:24.627] WARN (1691): service gkeonprem not found in any category
Anthos On-Prem API
{
  oauth2: {
    scopes: { 'https://www.googleapis.com/auth/cloud-platform': [Object] }
  }
}
[07:52:26.260] ERROR (1691): ENOENT: no such file or directory, mkdir '/mnt/c/LocalGitRepos/stackql/google-discovery-to-openapi/openapi/lostandfound/gkeonprem'
    err: {
      "type": "Error",
      "message": "ENOENT: no such file or directory, mkdir '/mnt/c/LocalGitRepos/stackql/google-discovery-to-openapi/openapi/lostandfound/gkeonprem'",
      "stack":
          Error: ENOENT: no such file or directory, mkdir '/mnt/c/LocalGitRepos/stackql/google-discovery-to-openapi/openapi/lostandfound/gkeonprem'
              at Module.mkdirSync (node:fs:1401:3)
              at createDir (file:///mnt/c/LocalGitRepos/stackql/google-discovery-to-openapi/src/util/filesystem.js:17:12)
              at processService (file:///mnt/c/LocalGitRepos/stackql/google-discovery-to-openapi/src/commands/generate.js:49:9)
              at generateSpecs (file:///mnt/c/LocalGitRepos/stackql/google-discovery-to-openapi/src/commands/generate.js:209:19)
              at process.processTicksAndRejections (node:internal/process/task_queues:95:5)
              at async main (file:///mnt/c/LocalGitRepos/stackql/google-discovery-to-openapi/src/index.js:22:13)
      "errno": -2,
      "syscall": "mkdir",
      "code": "ENOENT",
      "path": "/mnt/c/LocalGitRepos/stackql/google-discovery-to-openapi/openapi/lostandfound/gkeonprem"
    }
[07:52:26.284] ERROR (1691): ENOENT: no such file or directory, open '/mnt/c/LocalGitRepos/stackql/google-discovery-to-openapi/openapi/lostandfound/gkeonprem/gkeonprem.yaml'
    err: {
      "type": "Error",
      "message": "ENOENT: no such file or directory, open '/mnt/c/LocalGitRepos/stackql/google-discovery-to-openapi/openapi/lostandfound/gkeonprem/gkeonprem.yaml'",
      "stack":
          Error: ENOENT: no such file or directory, open '/mnt/c/LocalGitRepos/stackql/google-discovery-to-openapi/openapi/lostandfound/gkeonprem/gkeonprem.yaml'
              at Object.openSync (node:fs:590:3)
              at Module.writeFileSync (node:fs:2248:35)
              at writeFile (file:///mnt/c/LocalGitRepos/stackql/google-discovery-to-openapi/src/util/filesystem.js:7:12)
              at processService (file:///mnt/c/LocalGitRepos/stackql/google-discovery-to-openapi/src/commands/generate.js:108:15)
              at generateSpecs (file:///mnt/c/LocalGitRepos/stackql/google-discovery-to-openapi/src/commands/generate.js:209:19)
              at process.processTicksAndRejections (node:internal/process/task_queues:95:5)
              at async main (file:///mnt/c/LocalGitRepos/stackql/google-discovery-to-openapi/src/index.js:22:13)
      "errno": -2,
      "syscall": "open",
      "code": "ENOENT",
      "path": "/mnt/c/LocalGitRepos/stackql/google-discovery-to-openapi/openapi/lostandfound/gkeonprem/gkeonprem.yaml"
    }
[07:52:26.284] INFO (1691): processing gmail...
Gmail API
{
  oauth2: {
    scopes: {
      'https://www.googleapis.com/auth/gmail.compose': [Object],
      'https://www.googleapis.com/auth/gmail.labels': [Object],
      'https://www.googleapis.com/auth/gmail.insert': [Object],
      'https://www.googleapis.com/auth/gmail.send': [Object],
      'https://www.googleapis.com/auth/gmail.settings.basic': [Object],
      'https://www.googleapis.com/auth/gmail.modify': [Object],
      'https://www.googleapis.com/auth/gmail.addons.current.message.metadata': [Object],
      'https://www.googleapis.com/auth/gmail.settings.sharing': [Object],
      'https://www.googleapis.com/auth/gmail.addons.current.action.compose': [Object],
      'https://www.googleapis.com/auth/gmail.metadata': [Object],
      'https://www.googleapis.com/auth/gmail.addons.current.message.readonly': [Object],
      'https://www.googleapis.com/auth/gmail.readonly': [Object],
      'https://mail.google.com/': [Object],
      'https://www.googleapis.com/auth/gmail.addons.current.message.action': [Object]
    }
  }
}
[07:52:27.036] INFO (1691): processing gmailpostmastertools...
Gmail Postmaster Tools API
{
  oauth2: {
    scopes: { 'https://www.googleapis.com/auth/postmaster.readonly': [Object] }
  }
}
[07:52:28.522] INFO (1691): processing groupsmigration...
[07:52:29.959] INFO (1691): skipping service: groupsmigration...
[07:52:29.959] INFO (1691): processing groupssettings...
Groups Settings API
{
  oauth2: {
    scopes: {
      'https://www.googleapis.com/auth/apps.groups.settings': [Object]
    }
  }
}
[07:52:30.454] INFO (1691): processing healthcare...
Cloud Healthcare API
{
  oauth2: {
    scopes: { 'https://www.googleapis.com/auth/cloud-platform': [Object] }
  }
}
HomeGraph API
{
  oauth2: { scopes: { 'https://www.googleapis.com/auth/homegraph': [Object] } }
}
[07:52:32.750] INFO (1691): processing homegraph...
[07:52:33.288] INFO (1691): processing iam...
Identity and Access Management (IAM) API
{
  oauth2: {
    scopes: { 'https://www.googleapis.com/auth/cloud-platform': [Object] }
  }
}
IAM Service Account Credentials API
{
  oauth2: {
    scopes: { 'https://www.googleapis.com/auth/cloud-platform': [Object] }
  }
}
[07:52:34.492] INFO (1691): processing iamcredentials...
[07:52:34.732] INFO (1691): processing iap...
Cloud Identity-Aware Proxy API
{
  oauth2: {
    scopes: { 'https://www.googleapis.com/auth/cloud-platform': [Object] }
  }
}
Google Identity Toolkit API
{
  oauth2: {
    scopes: {
      'https://www.googleapis.com/auth/cloud-platform': [Object],
      'https://www.googleapis.com/auth/firebase': [Object]
    }
  }
}
[07:52:35.947] INFO (1691): processing identitytoolkit...
[07:52:36.436] INFO (1691): processing ids...
Cloud IDS API
{
  oauth2: {
    scopes: { 'https://www.googleapis.com/auth/cloud-platform': [Object] }
  }
}
[07:52:38.061] INFO (1691): processing indexing...
Indexing API
{
  oauth2: { scopes: { 'https://www.googleapis.com/auth/indexing': [Object] } }
}
[07:52:39.531] INFO (1691): processing integrations...
[07:52:39.884] INFO (1691): skipping service: integrations...
[07:52:39.884] INFO (1691): processing jobs...
Cloud Talent Solution API
{
  oauth2: {
    scopes: {
      'https://www.googleapis.com/auth/cloud-platform': [Object],
      'https://www.googleapis.com/auth/jobs': [Object]
    }
  }
}
Google Keep API
{
  oauth2: {
    scopes: {
      'https://www.googleapis.com/auth/keep': [Object],
      'https://www.googleapis.com/auth/keep.readonly': [Object]
    }
  }
}
[07:52:40.453] INFO (1691): processing keep...
[07:52:40.884] INFO (1691): processing kgsearch...
Knowledge Graph Search API
[07:52:42.401] INFO (1691): processing kmsinventory...
[07:52:42.401] WARN (1691): service kmsinventory not found in any category
KMS Inventory API
{
  oauth2: {
    scopes: { 'https://www.googleapis.com/auth/cloud-platform': [Object] }
  }
}
[07:52:43.577] ERROR (1691): ENOENT: no such file or directory, mkdir '/mnt/c/LocalGitRepos/stackql/google-discovery-to-openapi/openapi/lostandfound/kmsinventory'
    err: {
      "type": "Error",
      "message": "ENOENT: no such file or directory, mkdir '/mnt/c/LocalGitRepos/stackql/google-discovery-to-openapi/openapi/lostandfound/kmsinventory'",
      "stack":
          Error: ENOENT: no such file or directory, mkdir '/mnt/c/LocalGitRepos/stackql/google-discovery-to-openapi/openapi/lostandfound/kmsinventory'
              at Module.mkdirSync (node:fs:1401:3)
              at createDir (file:///mnt/c/LocalGitRepos/stackql/google-discovery-to-openapi/src/util/filesystem.js:17:12)
              at processService (file:///mnt/c/LocalGitRepos/stackql/google-discovery-to-openapi/src/commands/generate.js:49:9)
              at generateSpecs (file:///mnt/c/LocalGitRepos/stackql/google-discovery-to-openapi/src/commands/generate.js:209:19)
              at process.processTicksAndRejections (node:internal/process/task_queues:95:5)
              at async main (file:///mnt/c/LocalGitRepos/stackql/google-discovery-to-openapi/src/index.js:22:13)
      "errno": -2,
      "syscall": "mkdir",
      "code": "ENOENT",
      "path": "/mnt/c/LocalGitRepos/stackql/google-discovery-to-openapi/openapi/lostandfound/kmsinventory"
    }
[07:52:43.597] ERROR (1691): ENOENT: no such file or directory, open '/mnt/c/LocalGitRepos/stackql/google-discovery-to-openapi/openapi/lostandfound/kmsinventory/kmsinventory.yaml'
    err: {
      "type": "Error",
      "message": "ENOENT: no such file or directory, open '/mnt/c/LocalGitRepos/stackql/google-discovery-to-openapi/openapi/lostandfound/kmsinventory/kmsinventory.yaml'",
      "stack":
          Error: ENOENT: no such file or directory, open '/mnt/c/LocalGitRepos/stackql/google-discovery-to-openapi/openapi/lostandfound/kmsinventory/kmsinventory.yaml'
              at Object.openSync (node:fs:590:3)
              at Module.writeFileSync (node:fs:2248:35)
              at writeFile (file:///mnt/c/LocalGitRepos/stackql/google-discovery-to-openapi/src/util/filesystem.js:7:12)
              at processService (file:///mnt/c/LocalGitRepos/stackql/google-discovery-to-openapi/src/commands/generate.js:108:15)
              at generateSpecs (file:///mnt/c/LocalGitRepos/stackql/google-discovery-to-openapi/src/commands/generate.js:209:19)
              at process.processTicksAndRejections (node:internal/process/task_queues:95:5)
              at async main (file:///mnt/c/LocalGitRepos/stackql/google-discovery-to-openapi/src/index.js:22:13)
      "errno": -2,
      "syscall": "open",
      "code": "ENOENT",
      "path": "/mnt/c/LocalGitRepos/stackql/google-discovery-to-openapi/openapi/lostandfound/kmsinventory/kmsinventory.yaml"
    }
[07:52:43.597] INFO (1691): processing language...
Cloud Natural Language API
{
  oauth2: {
    scopes: {
      'https://www.googleapis.com/auth/cloud-language': [Object],
      'https://www.googleapis.com/auth/cloud-platform': [Object]
    }
  }
}
[07:52:45.006] INFO (1691): processing libraryagent...
Library Agent API
{
  oauth2: {
    scopes: { 'https://www.googleapis.com/auth/cloud-platform': [Object] }
  }
}
[07:52:45.512] INFO (1691): processing licensing...
Enterprise License Manager API
{
  oauth2: {
    scopes: { 'https://www.googleapis.com/auth/apps.licensing': [Object] }
  }
}
[07:52:47.072] INFO (1691): processing lifesciences...
Cloud Life Sciences API
{
  oauth2: {
    scopes: { 'https://www.googleapis.com/auth/cloud-platform': [Object] }
  }
}
[07:52:48.899] INFO (1691): processing localservices...
Local Services API
{
  oauth2: { scopes: { 'https://www.googleapis.com/auth/adwords': [Object] } }
}
[07:52:50.063] INFO (1691): processing logging...
Cloud Logging API
{
  oauth2: {
    scopes: {
      'https://www.googleapis.com/auth/cloud-platform': [Object],
      'https://www.googleapis.com/auth/logging.write': [Object],
      'https://www.googleapis.com/auth/logging.read': [Object],
      'https://www.googleapis.com/auth/cloud-platform.read-only': [Object],
      'https://www.googleapis.com/auth/logging.admin': [Object]
    }
  }
}
[07:52:50.436] INFO (1691): processing managedidentities...
Managed Service for Microsoft Active Directory API
{
  oauth2: {
    scopes: { 'https://www.googleapis.com/auth/cloud-platform': [Object] }
  }
}
[07:52:52.028] INFO (1691): processing manufacturers...
Manufacturer Center API
{
  oauth2: {
    scopes: { 'https://www.googleapis.com/auth/manufacturercenter': [Object] }
  }
}
[07:52:53.452] INFO (1691): processing memcache...
Cloud Memorystore for Memcached API
{
  oauth2: {
    scopes: { 'https://www.googleapis.com/auth/cloud-platform': [Object] }
  }
}
[07:52:55.268] INFO (1691): processing metastore...
Dataproc Metastore API
{
  oauth2: {
    scopes: { 'https://www.googleapis.com/auth/cloud-platform': [Object] }
  }
}
[07:52:57.197] INFO (1691): processing migrationcenter...
[07:52:57.197] WARN (1691): service migrationcenter not found in any category
Migration Center API
{
  oauth2: {
    scopes: { 'https://www.googleapis.com/auth/cloud-platform': [Object] }
  }
}
AI Platform Training & Prediction API
{
  oauth2: {
    scopes: {
      'https://www.googleapis.com/auth/cloud-platform.read-only': [Object],
      'https://www.googleapis.com/auth/cloud-platform': [Object]
    }
  }
}
[07:52:59.047] ERROR (1691): ENOENT: no such file or directory, mkdir '/mnt/c/LocalGitRepos/stackql/google-discovery-to-openapi/openapi/lostandfound/migrationcenter'
    err: {
      "type": "Error",
      "message": "ENOENT: no such file or directory, mkdir '/mnt/c/LocalGitRepos/stackql/google-discovery-to-openapi/openapi/lostandfound/migrationcenter'",
      "stack":
          Error: ENOENT: no such file or directory, mkdir '/mnt/c/LocalGitRepos/stackql/google-discovery-to-openapi/openapi/lostandfound/migrationcenter'
              at Module.mkdirSync (node:fs:1401:3)
              at createDir (file:///mnt/c/LocalGitRepos/stackql/google-discovery-to-openapi/src/util/filesystem.js:17:12)
              at processService (file:///mnt/c/LocalGitRepos/stackql/google-discovery-to-openapi/src/commands/generate.js:49:9)
              at generateSpecs (file:///mnt/c/LocalGitRepos/stackql/google-discovery-to-openapi/src/commands/generate.js:209:19)
              at process.processTicksAndRejections (node:internal/process/task_queues:95:5)
              at async main (file:///mnt/c/LocalGitRepos/stackql/google-discovery-to-openapi/src/index.js:22:13)
      "errno": -2,
      "syscall": "mkdir",
      "code": "ENOENT",
      "path": "/mnt/c/LocalGitRepos/stackql/google-discovery-to-openapi/openapi/lostandfound/migrationcenter"
    }
[07:52:59.095] ERROR (1691): ENOENT: no such file or directory, open '/mnt/c/LocalGitRepos/stackql/google-discovery-to-openapi/openapi/lostandfound/migrationcenter/migrationcenter.yaml'
    err: {
      "type": "Error",
      "message": "ENOENT: no such file or directory, open '/mnt/c/LocalGitRepos/stackql/google-discovery-to-openapi/openapi/lostandfound/migrationcenter/migrationcenter.yaml'",
      "stack":
          Error: ENOENT: no such file or directory, open '/mnt/c/LocalGitRepos/stackql/google-discovery-to-openapi/openapi/lostandfound/migrationcenter/migrationcenter.yaml'
              at Object.openSync (node:fs:590:3)
              at Module.writeFileSync (node:fs:2248:35)
              at writeFile (file:///mnt/c/LocalGitRepos/stackql/google-discovery-to-openapi/src/util/filesystem.js:7:12)
              at processService (file:///mnt/c/LocalGitRepos/stackql/google-discovery-to-openapi/src/commands/generate.js:108:15)
              at generateSpecs (file:///mnt/c/LocalGitRepos/stackql/google-discovery-to-openapi/src/commands/generate.js:209:19)
              at process.processTicksAndRejections (node:internal/process/task_queues:95:5)
              at async main (file:///mnt/c/LocalGitRepos/stackql/google-discovery-to-openapi/src/index.js:22:13)
      "errno": -2,
      "syscall": "open",
      "code": "ENOENT",
      "path": "/mnt/c/LocalGitRepos/stackql/google-discovery-to-openapi/openapi/lostandfound/migrationcenter/migrationcenter.yaml"
    }
[07:52:59.095] INFO (1691): processing ml...
[07:52:59.860] INFO (1691): processing monitoring...
Cloud Monitoring API
{
  oauth2: {
    scopes: {
      'https://www.googleapis.com/auth/monitoring.write': [Object],
      'https://www.googleapis.com/auth/cloud-platform': [Object],
      'https://www.googleapis.com/auth/monitoring.read': [Object],
      'https://www.googleapis.com/auth/monitoring': [Object]
    }
  }
}
[07:53:00.198] INFO (1691): processing mybusinessaccountmanagement...
My Business Account Management API
[07:53:00.582] INFO (1691): processing mybusinessbusinesscalls...
My Business Business Calls API
[07:53:01.014] INFO (1691): processing mybusinessbusinessinformation...
My Business Business Information API
[07:53:01.483] INFO (1691): processing mybusinesslodging...
My Business Lodging API
[07:53:01.957] INFO (1691): processing mybusinessnotifications...
My Business Notifications API
My Business Place Actions API
[07:53:03.278] INFO (1691): processing mybusinessplaceactions...
[07:53:03.759] INFO (1691): processing mybusinessqanda...
My Business Q&A API
[07:53:04.277] INFO (1691): processing mybusinessverifications...
My Business Verifications API
[07:53:05.472] INFO (1691): processing networkconnectivity...
Network Connectivity API
{
  oauth2: {
    scopes: { 'https://www.googleapis.com/auth/cloud-platform': [Object] }
  }
}
[07:53:06.990] INFO (1691): processing networkmanagement...
Network Management API
{
  oauth2: {
    scopes: { 'https://www.googleapis.com/auth/cloud-platform': [Object] }
  }
}
[07:53:08.589] INFO (1691): processing networksecurity...
Network Security API
{
  oauth2: {
    scopes: { 'https://www.googleapis.com/auth/cloud-platform': [Object] }
  }
}
[07:53:10.202] INFO (1691): processing networkservices...
Network Services API
{
  oauth2: {
    scopes: { 'https://www.googleapis.com/auth/cloud-platform': [Object] }
  }
}
[07:53:11.800] INFO (1691): processing notebooks...
Notebooks API
{
  oauth2: {
    scopes: { 'https://www.googleapis.com/auth/cloud-platform': [Object] }
  }
}
[07:53:13.371] INFO (1691): processing oauth2...
Google OAuth2 API
{
  oauth2: {
    scopes: {
      openid: [Object],
      'https://www.googleapis.com/auth/userinfo.email': [Object],
      'https://www.googleapis.com/auth/userinfo.profile': [Object]
    }
  }
}
[07:53:13.684] INFO (1691): processing ondemandscanning...
On-Demand Scanning API
{
  oauth2: {
    scopes: { 'https://www.googleapis.com/auth/cloud-platform': [Object] }
  }
}
[07:53:15.572] INFO (1691): processing orgpolicy...
Organization Policy API
{
  oauth2: {
    scopes: { 'https://www.googleapis.com/auth/cloud-platform': [Object] }
  }
}
OS Config API
{
  oauth2: {
    scopes: { 'https://www.googleapis.com/auth/cloud-platform': [Object] }
  }
}
Cloud OS Login API
{
  oauth2: {
    scopes: {
      'https://www.googleapis.com/auth/compute.readonly': [Object],
      'https://www.googleapis.com/auth/cloud-platform': [Object],
      'https://www.googleapis.com/auth/compute': [Object],
      'https://www.googleapis.com/auth/cloud-platform.read-only': [Object]
    }
  }
}
[07:53:17.081] INFO (1691): processing osconfig...
[07:53:17.507] INFO (1691): processing oslogin...
[07:53:17.753] INFO (1691): processing pagespeedonline...
PageSpeed Insights API
{ oauth2: { scopes: { openid: [Object] } } }
[07:53:18.293] INFO (1691): processing paymentsresellersubscription...
Payments Reseller Subscription API
People API
{
  oauth2: {
    scopes: {
      'https://www.googleapis.com/auth/user.emails.read': [Object],
      'https://www.googleapis.com/auth/userinfo.email': [Object],
      'https://www.googleapis.com/auth/contacts.readonly': [Object],
      'https://www.googleapis.com/auth/directory.readonly': [Object],
      'https://www.googleapis.com/auth/contacts.other.readonly': [Object],
      'https://www.googleapis.com/auth/user.phonenumbers.read': [Object],
      'https://www.googleapis.com/auth/userinfo.profile': [Object],
      'https://www.googleapis.com/auth/user.birthday.read': [Object],
      'https://www.googleapis.com/auth/user.organization.read': [Object],
      'https://www.googleapis.com/auth/contacts': [Object],
      'https://www.googleapis.com/auth/user.addresses.read': [Object],
      'https://www.googleapis.com/auth/user.gender.read': [Object]
    }
  }
}
[07:53:19.846] INFO (1691): processing people...
[07:53:20.298] INFO (1691): processing playcustomapp...
Google Play Custom App Publishing API
{
  oauth2: {
    scopes: { 'https://www.googleapis.com/auth/androidpublisher': [Object] }
  }
}
[07:53:21.884] INFO (1691): processing playdeveloperreporting...
Google Play Developer Reporting API
{
  oauth2: {
    scopes: {
      'https://www.googleapis.com/auth/playdeveloperreporting': [Object]
    }
  }
}
[07:53:24.037] INFO (1691): processing playintegrity...
Google Play Integrity API
{
  oauth2: {
    scopes: { 'https://www.googleapis.com/auth/playintegrity': [Object] }
  }
}
[07:53:24.653] INFO (1691): processing policyanalyzer...
Policy Analyzer API
{
  oauth2: {
    scopes: { 'https://www.googleapis.com/auth/cloud-platform': [Object] }
  }
}
[07:53:26.355] INFO (1691): processing policysimulator...
Policy Simulator API
{
  oauth2: {
    scopes: { 'https://www.googleapis.com/auth/cloud-platform': [Object] }
  }
}
[07:53:27.767] INFO (1691): processing policytroubleshooter...
Policy Troubleshooter API
{
  oauth2: {
    scopes: { 'https://www.googleapis.com/auth/cloud-platform': [Object] }
  }
}
[07:53:29.389] INFO (1691): processing poly...
Poly API
[07:53:31.007] INFO (1691): processing privateca...
Certificate Authority API
{
  oauth2: {
    scopes: { 'https://www.googleapis.com/auth/cloud-platform': [Object] }
  }
}
[07:53:32.682] INFO (1691): processing prod_tt_sasportal...
SAS Portal API (Testing)
{
  oauth2: {
    scopes: {
      'https://www.googleapis.com/auth/cloud-platform': [Object],
      'https://www.googleapis.com/auth/sasportal': [Object]
    }
  }
}
[07:53:33.892] INFO (1691): processing publicca...
[07:53:33.892] WARN (1691): service publicca not found in any category
Public Certificate Authority API
{
  oauth2: {
    scopes: { 'https://www.googleapis.com/auth/cloud-platform': [Object] }
  }
}
Cloud Pub/Sub API
{
  oauth2: {
    scopes: {
      'https://www.googleapis.com/auth/cloud-platform': [Object],
      'https://www.googleapis.com/auth/pubsub': [Object]
    }
  }
}
[07:53:35.342] ERROR (1691): ENOENT: no such file or directory, mkdir '/mnt/c/LocalGitRepos/stackql/google-discovery-to-openapi/openapi/lostandfound/publicca'
    err: {
      "type": "Error",
      "message": "ENOENT: no such file or directory, mkdir '/mnt/c/LocalGitRepos/stackql/google-discovery-to-openapi/openapi/lostandfound/publicca'",
      "stack":
          Error: ENOENT: no such file or directory, mkdir '/mnt/c/LocalGitRepos/stackql/google-discovery-to-openapi/openapi/lostandfound/publicca'
              at Module.mkdirSync (node:fs:1401:3)
              at createDir (file:///mnt/c/LocalGitRepos/stackql/google-discovery-to-openapi/src/util/filesystem.js:17:12)
              at processService (file:///mnt/c/LocalGitRepos/stackql/google-discovery-to-openapi/src/commands/generate.js:49:9)
              at generateSpecs (file:///mnt/c/LocalGitRepos/stackql/google-discovery-to-openapi/src/commands/generate.js:209:19)
              at process.processTicksAndRejections (node:internal/process/task_queues:95:5)
              at async main (file:///mnt/c/LocalGitRepos/stackql/google-discovery-to-openapi/src/index.js:22:13)
      "errno": -2,
      "syscall": "mkdir",
      "code": "ENOENT",
      "path": "/mnt/c/LocalGitRepos/stackql/google-discovery-to-openapi/openapi/lostandfound/publicca"
    }
[07:53:35.346] ERROR (1691): ENOENT: no such file or directory, open '/mnt/c/LocalGitRepos/stackql/google-discovery-to-openapi/openapi/lostandfound/publicca/publicca.yaml'
    err: {
      "type": "Error",
      "message": "ENOENT: no such file or directory, open '/mnt/c/LocalGitRepos/stackql/google-discovery-to-openapi/openapi/lostandfound/publicca/publicca.yaml'",
      "stack":
          Error: ENOENT: no such file or directory, open '/mnt/c/LocalGitRepos/stackql/google-discovery-to-openapi/openapi/lostandfound/publicca/publicca.yaml'
              at Object.openSync (node:fs:590:3)
              at Module.writeFileSync (node:fs:2248:35)
              at writeFile (file:///mnt/c/LocalGitRepos/stackql/google-discovery-to-openapi/src/util/filesystem.js:7:12)
              at processService (file:///mnt/c/LocalGitRepos/stackql/google-discovery-to-openapi/src/commands/generate.js:108:15)
              at generateSpecs (file:///mnt/c/LocalGitRepos/stackql/google-discovery-to-openapi/src/commands/generate.js:209:19)
              at process.processTicksAndRejections (node:internal/process/task_queues:95:5)
              at async main (file:///mnt/c/LocalGitRepos/stackql/google-discovery-to-openapi/src/index.js:22:13)
      "errno": -2,
      "syscall": "open",
      "code": "ENOENT",
      "path": "/mnt/c/LocalGitRepos/stackql/google-discovery-to-openapi/openapi/lostandfound/publicca/publicca.yaml"
    }
[07:53:35.346] INFO (1691): processing pubsub...
[07:53:35.659] INFO (1691): processing pubsublite...
Pub/Sub Lite API
{
  oauth2: {
    scopes: { 'https://www.googleapis.com/auth/cloud-platform': [Object] }
  }
}
Reader Revenue Subscription Linking API
[07:53:37.189] INFO (1691): processing readerrevenuesubscriptionlinking...
[07:53:37.189] WARN (1691): service readerrevenuesubscriptionlinking not found in any category
[07:53:37.430] ERROR (1691): ENOENT: no such file or directory, mkdir '/mnt/c/LocalGitRepos/stackql/google-discovery-to-openapi/openapi/lostandfound/readerrevenuesubscriptionlinking'
    err: {
      "type": "Error",
      "message": "ENOENT: no such file or directory, mkdir '/mnt/c/LocalGitRepos/stackql/google-discovery-to-openapi/openapi/lostandfound/readerrevenuesubscriptionlinking'",
      "stack":
          Error: ENOENT: no such file or directory, mkdir '/mnt/c/LocalGitRepos/stackql/google-discovery-to-openapi/openapi/lostandfound/readerrevenuesubscriptionlinking'
              at Module.mkdirSync (node:fs:1401:3)
              at createDir (file:///mnt/c/LocalGitRepos/stackql/google-discovery-to-openapi/src/util/filesystem.js:17:12)
              at processService (file:///mnt/c/LocalGitRepos/stackql/google-discovery-to-openapi/src/commands/generate.js:49:9)
              at generateSpecs (file:///mnt/c/LocalGitRepos/stackql/google-discovery-to-openapi/src/commands/generate.js:209:19)
              at process.processTicksAndRejections (node:internal/process/task_queues:95:5)
              at async main (file:///mnt/c/LocalGitRepos/stackql/google-discovery-to-openapi/src/index.js:22:13)
      "errno": -2,
      "syscall": "mkdir",
      "code": "ENOENT",
      "path": "/mnt/c/LocalGitRepos/stackql/google-discovery-to-openapi/openapi/lostandfound/readerrevenuesubscriptionlinking"
    }
[07:53:37.437] ERROR (1691): ENOENT: no such file or directory, open '/mnt/c/LocalGitRepos/stackql/google-discovery-to-openapi/openapi/lostandfound/readerrevenuesubscriptionlinking/readerrevenuesubscriptionlinking.yaml'
    err: {
      "type": "Error",
      "message": "ENOENT: no such file or directory, open '/mnt/c/LocalGitRepos/stackql/google-discovery-to-openapi/openapi/lostandfound/readerrevenuesubscriptionlinking/readerrevenuesubscriptionlinking.yaml'",
      "stack":
          Error: ENOENT: no such file or directory, open '/mnt/c/LocalGitRepos/stackql/google-discovery-to-openapi/openapi/lostandfound/readerrevenuesubscriptionlinking/readerrevenuesubscriptionlinking.yaml'
              at Object.openSync (node:fs:590:3)
              at Module.writeFileSync (node:fs:2248:35)
              at writeFile (file:///mnt/c/LocalGitRepos/stackql/google-discovery-to-openapi/src/util/filesystem.js:7:12)
              at processService (file:///mnt/c/LocalGitRepos/stackql/google-discovery-to-openapi/src/commands/generate.js:108:15)
              at generateSpecs (file:///mnt/c/LocalGitRepos/stackql/google-discovery-to-openapi/src/commands/generate.js:209:19)
              at process.processTicksAndRejections (node:internal/process/task_queues:95:5)
              at async main (file:///mnt/c/LocalGitRepos/stackql/google-discovery-to-openapi/src/index.js:22:13)
      "errno": -2,
      "syscall": "open",
      "code": "ENOENT",
      "path": "/mnt/c/LocalGitRepos/stackql/google-discovery-to-openapi/openapi/lostandfound/readerrevenuesubscriptionlinking/readerrevenuesubscriptionlinking.yaml"
    }
[07:53:37.437] INFO (1691): processing realtimebidding...
Real-time Bidding API
{
  oauth2: {
    scopes: { 'https://www.googleapis.com/auth/realtime-bidding': [Object] }
  }
}
reCAPTCHA Enterprise API
{
  oauth2: {
    scopes: { 'https://www.googleapis.com/auth/cloud-platform': [Object] }
  }
}
[07:53:38.774] INFO (1691): processing recaptchaenterprise...
[07:53:39.075] INFO (1691): processing recommendationengine...
Recommendations AI (Beta)
{
  oauth2: {
    scopes: { 'https://www.googleapis.com/auth/cloud-platform': [Object] }
  }
}
[07:53:39.613] INFO (1691): processing recommender...
Recommender API
{
  oauth2: {
    scopes: { 'https://www.googleapis.com/auth/cloud-platform': [Object] }
  }
}
[07:53:40.230] INFO (1691): processing redis...
Google Cloud Memorystore for Redis API
{
  oauth2: {
    scopes: { 'https://www.googleapis.com/auth/cloud-platform': [Object] }
  }
}
[07:53:41.908] INFO (1691): processing reseller...
Google Workspace Reseller API
{
  oauth2: {
    scopes: {
      'https://www.googleapis.com/auth/apps.order': [Object],
      'https://www.googleapis.com/auth/apps.order.readonly': [Object]
    }
  }
}
[07:53:43.495] INFO (1691): processing resourcesettings...
Resource Settings API
{
  oauth2: {
    scopes: { 'https://www.googleapis.com/auth/cloud-platform': [Object] }
  }
}
[07:53:44.998] INFO (1691): processing retail...
Retail API
{
  oauth2: {
    scopes: { 'https://www.googleapis.com/auth/cloud-platform': [Object] }
  }
}
[07:53:45.570] INFO (1691): processing run...
Cloud Run Admin API
{
  oauth2: {
    scopes: { 'https://www.googleapis.com/auth/cloud-platform': [Object] }
  }
}
[07:53:46.253] INFO (1691): processing runtimeconfig...
Cloud Runtime Configuration API
{
  oauth2: {
    scopes: {
      'https://www.googleapis.com/auth/cloudruntimeconfig': [Object],
      'https://www.googleapis.com/auth/cloud-platform': [Object]
    }
  }
}
[07:53:46.957] INFO (1691): processing safebrowsing...
Safe Browsing API
[07:53:47.417] INFO (1691): processing sasportal...
SAS Portal API
{
  oauth2: {
    scopes: {
      'https://www.googleapis.com/auth/sasportal': [Object],
      'https://www.googleapis.com/auth/cloud-platform': [Object]
    }
  }
}
[07:53:48.644] INFO (1691): processing script...
Apps Script API
{
  oauth2: {
    scopes: {
      'https://www.googleapis.com/auth/script.processes': [Object],
      'https://www.googleapis.com/auth/script.deployments': [Object],
      'https://www.googleapis.com/auth/forms': [Object],
      'https://www.googleapis.com/auth/documents': [Object],
      'https://www.googleapis.com/auth/spreadsheets': [Object],
      'https://www.googleapis.com/auth/script.metrics': [Object],
      'https://www.googleapis.com/auth/script.projects': [Object],
      'https://www.googleapis.com/auth/admin.directory.group': [Object],
      'https://www.googleapis.com/auth/groups': [Object],
      'https://www.googleapis.com/auth/forms.currentonly': [Object],
      'https://mail.google.com/': [Object],
      'https://www.google.com/m8/feeds': [Object],
      'https://www.googleapis.com/auth/drive': [Object],
      'https://www.google.com/calendar/feeds': [Object],
      'https://www.googleapis.com/auth/userinfo.email': [Object],
      'https://www.googleapis.com/auth/admin.directory.user': [Object],
      'https://www.googleapis.com/auth/script.projects.readonly': [Object],
      'https://www.googleapis.com/auth/script.deployments.readonly': [Object]
    }
  }
}
Search Ads 360 Reporting API
{
  oauth2: {
    scopes: { 'https://www.googleapis.com/auth/doubleclicksearch': [Object] }
  }
}
Google Search Console API
{
  oauth2: {
    scopes: {
      'https://www.googleapis.com/auth/webmasters.readonly': [Object],
      'https://www.googleapis.com/auth/webmasters': [Object]
    }
  }
}
[07:53:50.146] INFO (1691): processing searchads360...
[07:53:50.146] WARN (1691): service searchads360 not found in any category
[07:53:50.492] ERROR (1691): ENOENT: no such file or directory, mkdir '/mnt/c/LocalGitRepos/stackql/google-discovery-to-openapi/openapi/lostandfound/searchads360'
    err: {
      "type": "Error",
      "message": "ENOENT: no such file or directory, mkdir '/mnt/c/LocalGitRepos/stackql/google-discovery-to-openapi/openapi/lostandfound/searchads360'",
      "stack":
          Error: ENOENT: no such file or directory, mkdir '/mnt/c/LocalGitRepos/stackql/google-discovery-to-openapi/openapi/lostandfound/searchads360'
              at Module.mkdirSync (node:fs:1401:3)
              at createDir (file:///mnt/c/LocalGitRepos/stackql/google-discovery-to-openapi/src/util/filesystem.js:17:12)
              at processService (file:///mnt/c/LocalGitRepos/stackql/google-discovery-to-openapi/src/commands/generate.js:49:9)
              at generateSpecs (file:///mnt/c/LocalGitRepos/stackql/google-discovery-to-openapi/src/commands/generate.js:209:19)
              at process.processTicksAndRejections (node:internal/process/task_queues:95:5)
              at async main (file:///mnt/c/LocalGitRepos/stackql/google-discovery-to-openapi/src/index.js:22:13)
      "errno": -2,
      "syscall": "mkdir",
      "code": "ENOENT",
      "path": "/mnt/c/LocalGitRepos/stackql/google-discovery-to-openapi/openapi/lostandfound/searchads360"
    }
[07:53:50.515] ERROR (1691): ENOENT: no such file or directory, open '/mnt/c/LocalGitRepos/stackql/google-discovery-to-openapi/openapi/lostandfound/searchads360/searchads360.yaml'
    err: {
      "type": "Error",
      "message": "ENOENT: no such file or directory, open '/mnt/c/LocalGitRepos/stackql/google-discovery-to-openapi/openapi/lostandfound/searchads360/searchads360.yaml'",
      "stack":
          Error: ENOENT: no such file or directory, open '/mnt/c/LocalGitRepos/stackql/google-discovery-to-openapi/openapi/lostandfound/searchads360/searchads360.yaml'
              at Object.openSync (node:fs:590:3)
              at Module.writeFileSync (node:fs:2248:35)
              at writeFile (file:///mnt/c/LocalGitRepos/stackql/google-discovery-to-openapi/src/util/filesystem.js:7:12)
              at processService (file:///mnt/c/LocalGitRepos/stackql/google-discovery-to-openapi/src/commands/generate.js:108:15)
              at generateSpecs (file:///mnt/c/LocalGitRepos/stackql/google-discovery-to-openapi/src/commands/generate.js:209:19)
              at process.processTicksAndRejections (node:internal/process/task_queues:95:5)
              at async main (file:///mnt/c/LocalGitRepos/stackql/google-discovery-to-openapi/src/index.js:22:13)
      "errno": -2,
      "syscall": "open",
      "code": "ENOENT",
      "path": "/mnt/c/LocalGitRepos/stackql/google-discovery-to-openapi/openapi/lostandfound/searchads360/searchads360.yaml"
    }
[07:53:50.516] INFO (1691): processing searchconsole...
[07:53:50.775] INFO (1691): processing secretmanager...
Secret Manager API
{
  oauth2: {
    scopes: { 'https://www.googleapis.com/auth/cloud-platform': [Object] }
  }
}
[07:53:51.068] INFO (1691): processing securitycenter...
Security Command Center API
{
  oauth2: {
    scopes: { 'https://www.googleapis.com/auth/cloud-platform': [Object] }
  }
}
[07:53:52.361] INFO (1691): processing serviceconsumermanagement...
Service Consumer Management API
{
  oauth2: {
    scopes: { 'https://www.googleapis.com/auth/cloud-platform': [Object] }
  }
}
Service Control API
{
  oauth2: {
    scopes: {
      'https://www.googleapis.com/auth/cloud-platform': [Object],
      'https://www.googleapis.com/auth/servicecontrol': [Object]
    }
  }
}
[07:53:53.952] INFO (1691): processing servicecontrol...
[07:53:54.267] INFO (1691): processing servicedirectory...
Service Directory API
{
  oauth2: {
    scopes: { 'https://www.googleapis.com/auth/cloud-platform': [Object] }
  }
}
[07:53:55.910] INFO (1691): processing servicemanagement...
Service Management API
{
  oauth2: {
    scopes: {
      'https://www.googleapis.com/auth/service.management': [Object],
      'https://www.googleapis.com/auth/cloud-platform': [Object],
      'https://www.googleapis.com/auth/cloud-platform.read-only': [Object],
      'https://www.googleapis.com/auth/service.management.readonly': [Object]
    }
  }
}
[07:53:57.616] INFO (1691): processing servicenetworking...
Service Networking API
{
  oauth2: {
    scopes: {
      'https://www.googleapis.com/auth/cloud-platform': [Object],
      'https://www.googleapis.com/auth/service.management': [Object]
    }
  }
}
[07:53:59.250] INFO (1691): processing serviceusage...
Service Usage API
{
  oauth2: {
    scopes: {
      'https://www.googleapis.com/auth/cloud-platform.read-only': [Object],
      'https://www.googleapis.com/auth/cloud-platform': [Object],
      'https://www.googleapis.com/auth/service.management': [Object]
    }
  }
}
[07:54:01.092] INFO (1691): processing sheets...
Google Sheets API
{
  oauth2: {
    scopes: {
      'https://www.googleapis.com/auth/drive': [Object],
      'https://www.googleapis.com/auth/spreadsheets.readonly': [Object],
      'https://www.googleapis.com/auth/spreadsheets': [Object],
      'https://www.googleapis.com/auth/drive.file': [Object],
      'https://www.googleapis.com/auth/drive.readonly': [Object]
    }
  }
}
Google Site Verification API
{
  oauth2: {
    scopes: {
      'https://www.googleapis.com/auth/siteverification.verify_only': [Object],
      'https://www.googleapis.com/auth/siteverification': [Object]
    }
  }
}
[07:54:02.876] INFO (1691): processing siteVerification...
[07:54:03.107] INFO (1691): processing slides...
Google Slides API
{
  oauth2: {
    scopes: {
      'https://www.googleapis.com/auth/presentations': [Object],
      'https://www.googleapis.com/auth/spreadsheets.readonly': [Object],
      'https://www.googleapis.com/auth/drive.readonly': [Object],
      'https://www.googleapis.com/auth/presentations.readonly': [Object],
      'https://www.googleapis.com/auth/drive.file': [Object],
      'https://www.googleapis.com/auth/spreadsheets': [Object],
      'https://www.googleapis.com/auth/drive': [Object]
    }
  }
}
[07:54:03.786] INFO (1691): processing smartdevicemanagement...
Smart Device Management API
{
  oauth2: {
    scopes: { 'https://www.googleapis.com/auth/sdm.service': [Object] }
  }
}
Cloud Source Repositories API
{
  oauth2: {
    scopes: {
      'https://www.googleapis.com/auth/cloud-platform': [Object],
      'https://www.googleapis.com/auth/source.full_control': [Object],
      'https://www.googleapis.com/auth/source.read_write': [Object],
      'https://www.googleapis.com/auth/source.read_only': [Object]
    }
  }
}
Cloud Spanner API
{
  oauth2: {
    scopes: {
      'https://www.googleapis.com/auth/cloud-platform': [Object],
      'https://www.googleapis.com/auth/spanner.data': [Object],
      'https://www.googleapis.com/auth/spanner.admin': [Object]
    }
  }
}
[07:54:05.380] INFO (1691): processing sourcerepo...
[07:54:05.624] INFO (1691): processing spanner...
[07:54:05.922] INFO (1691): processing speech...
Cloud Speech-to-Text API
{
  oauth2: {
    scopes: { 'https://www.googleapis.com/auth/cloud-platform': [Object] }
  }
}
[07:54:06.428] INFO (1691): processing sqladmin...
Cloud SQL Admin API
{
  oauth2: {
    scopes: {
      'https://www.googleapis.com/auth/cloud-platform': [Object],
      'https://www.googleapis.com/auth/sqlservice.admin': [Object]
    }
  }
}
[07:54:06.737] INFO (1691): processing storage...
Cloud Storage JSON API
{
  oauth2: {
    scopes: {
      'https://www.googleapis.com/auth/cloud-platform': [Object],
      'https://www.googleapis.com/auth/cloud-platform.read-only': [Object],
      'https://www.googleapis.com/auth/devstorage.full_control': [Object],
      'https://www.googleapis.com/auth/devstorage.read_only': [Object],
      'https://www.googleapis.com/auth/devstorage.read_write': [Object]
    }
  }
}
[07:54:07.573] INFO (1691): processing storagetransfer...
Storage Transfer API
{
  oauth2: {
    scopes: { 'https://www.googleapis.com/auth/cloud-platform': [Object] }
  }
}
[07:54:08.051] INFO (1691): processing streetviewpublish...
Street View Publish API
{
  oauth2: {
    scopes: { 'https://www.googleapis.com/auth/streetviewpublish': [Object] }
  }
}
Security Token Service API
[07:54:09.572] INFO (1691): processing sts...
[07:54:09.815] INFO (1691): processing tagmanager...
Tag Manager API
{
  oauth2: {
    scopes: {
      'https://www.googleapis.com/auth/tagmanager.readonly': [Object],
      'https://www.googleapis.com/auth/tagmanager.edit.containerversions': [Object],
      'https://www.googleapis.com/auth/tagmanager.delete.containers': [Object],
      'https://www.googleapis.com/auth/tagmanager.manage.users': [Object],
      'https://www.googleapis.com/auth/tagmanager.edit.containers': [Object],
      'https://www.googleapis.com/auth/tagmanager.manage.accounts': [Object],
      'https://www.googleapis.com/auth/tagmanager.publish': [Object]
    }
  }
}
[07:54:11.053] INFO (1691): processing tasks...
Google Tasks API
{
  oauth2: {
    scopes: {
      'https://www.googleapis.com/auth/tasks.readonly': [Object],
      'https://www.googleapis.com/auth/tasks': [Object]
    }
  }
}
[07:54:11.593] INFO (1691): processing testing...
Cloud Testing API
{
  oauth2: {
    scopes: {
      'https://www.googleapis.com/auth/cloud-platform.read-only': [Object],
      'https://www.googleapis.com/auth/cloud-platform': [Object]
    }
  }
}
Cloud Text-to-Speech API
{
  oauth2: {
    scopes: { 'https://www.googleapis.com/auth/cloud-platform': [Object] }
  }
}
[07:54:13.108] INFO (1691): processing texttospeech...
[07:54:13.683] INFO (1691): processing toolresults...
Cloud Tool Results API
{
  oauth2: {
    scopes: { 'https://www.googleapis.com/auth/cloud-platform': [Object] }
  }
}
[07:54:14.909] INFO (1691): processing tpu...
Cloud TPU API
{
  oauth2: {
    scopes: { 'https://www.googleapis.com/auth/cloud-platform': [Object] }
  }
}
[07:54:16.472] INFO (1691): processing trafficdirector...
Traffic Director API
{
  oauth2: {
    scopes: { 'https://www.googleapis.com/auth/cloud-platform': [Object] }
  }
}
[07:54:16.954] INFO (1691): processing transcoder...
Transcoder API
{
  oauth2: {
    scopes: { 'https://www.googleapis.com/auth/cloud-platform': [Object] }
  }
}
Cloud Translation API
{
  oauth2: {
    scopes: {
      'https://www.googleapis.com/auth/cloud-platform': [Object],
      'https://www.googleapis.com/auth/cloud-translation': [Object]
    }
  }
}
[07:54:18.601] INFO (1691): processing translate...
[07:54:18.940] INFO (1691): processing travelimpactmodel...
Travel Impact Model API
[07:54:20.438] INFO (1691): processing vault...
Google Vault API
{
  oauth2: {
    scopes: {
      'https://www.googleapis.com/auth/ediscovery.readonly': [Object],
      'https://www.googleapis.com/auth/ediscovery': [Object]
    }
  }
}
[07:54:22.000] INFO (1691): processing verifiedaccess...
Chrome Verified Access API
{
  oauth2: {
    scopes: { 'https://www.googleapis.com/auth/verifiedaccess': [Object] }
  }
}
[07:54:23.347] INFO (1691): processing versionhistory...
versionhistory.googleapis.com API
[07:54:24.557] INFO (1691): processing videointelligence...
Cloud Video Intelligence API
{
  oauth2: {
    scopes: { 'https://www.googleapis.com/auth/cloud-platform': [Object] }
  }
}
[07:54:25.109] INFO (1691): processing vision...
Cloud Vision API
{
  oauth2: {
    scopes: {
      'https://www.googleapis.com/auth/cloud-platform': [Object],
      'https://www.googleapis.com/auth/cloud-vision': [Object]
    }
  }
}
[07:54:25.537] INFO (1691): processing vmmigration...
VM Migration API
{
  oauth2: {
    scopes: { 'https://www.googleapis.com/auth/cloud-platform': [Object] }
  }
}
[07:54:27.128] INFO (1691): processing vpcaccess...
[07:54:27.128] WARN (1691): service vpcaccess not found in any category
Serverless VPC Access API
{
  oauth2: {
    scopes: { 'https://www.googleapis.com/auth/cloud-platform': [Object] }
  }
}
[07:54:28.736] ERROR (1691): ENOENT: no such file or directory, mkdir '/mnt/c/LocalGitRepos/stackql/google-discovery-to-openapi/openapi/lostandfound/vpcaccess'
    err: {
      "type": "Error",
      "message": "ENOENT: no such file or directory, mkdir '/mnt/c/LocalGitRepos/stackql/google-discovery-to-openapi/openapi/lostandfound/vpcaccess'",
      "stack":
          Error: ENOENT: no such file or directory, mkdir '/mnt/c/LocalGitRepos/stackql/google-discovery-to-openapi/openapi/lostandfound/vpcaccess'
              at Module.mkdirSync (node:fs:1401:3)
              at createDir (file:///mnt/c/LocalGitRepos/stackql/google-discovery-to-openapi/src/util/filesystem.js:17:12)
              at processService (file:///mnt/c/LocalGitRepos/stackql/google-discovery-to-openapi/src/commands/generate.js:49:9)
              at generateSpecs (file:///mnt/c/LocalGitRepos/stackql/google-discovery-to-openapi/src/commands/generate.js:209:19)
              at process.processTicksAndRejections (node:internal/process/task_queues:95:5)
              at async main (file:///mnt/c/LocalGitRepos/stackql/google-discovery-to-openapi/src/index.js:22:13)
      "errno": -2,
      "syscall": "mkdir",
      "code": "ENOENT",
      "path": "/mnt/c/LocalGitRepos/stackql/google-discovery-to-openapi/openapi/lostandfound/vpcaccess"
    }
[07:54:28.755] ERROR (1691): ENOENT: no such file or directory, open '/mnt/c/LocalGitRepos/stackql/google-discovery-to-openapi/openapi/lostandfound/vpcaccess/vpcaccess.yaml'
    err: {
      "type": "Error",
      "message": "ENOENT: no such file or directory, open '/mnt/c/LocalGitRepos/stackql/google-discovery-to-openapi/openapi/lostandfound/vpcaccess/vpcaccess.yaml'",
      "stack":
          Error: ENOENT: no such file or directory, open '/mnt/c/LocalGitRepos/stackql/google-discovery-to-openapi/openapi/lostandfound/vpcaccess/vpcaccess.yaml'
              at Object.openSync (node:fs:590:3)
              at Module.writeFileSync (node:fs:2248:35)
              at writeFile (file:///mnt/c/LocalGitRepos/stackql/google-discovery-to-openapi/src/util/filesystem.js:7:12)
              at processService (file:///mnt/c/LocalGitRepos/stackql/google-discovery-to-openapi/src/commands/generate.js:108:15)
              at generateSpecs (file:///mnt/c/LocalGitRepos/stackql/google-discovery-to-openapi/src/commands/generate.js:209:19)
              at process.processTicksAndRejections (node:internal/process/task_queues:95:5)
              at async main (file:///mnt/c/LocalGitRepos/stackql/google-discovery-to-openapi/src/index.js:22:13)
      "errno": -2,
      "syscall": "open",
      "code": "ENOENT",
      "path": "/mnt/c/LocalGitRepos/stackql/google-discovery-to-openapi/openapi/lostandfound/vpcaccess/vpcaccess.yaml"
    }
[07:54:28.755] INFO (1691): processing webfonts...
Web Fonts Developer API
[07:54:29.267] INFO (1691): processing webrisk...
Web Risk API
{
  oauth2: {
    scopes: { 'https://www.googleapis.com/auth/cloud-platform': [Object] }
  }
}
[07:54:29.766] INFO (1691): processing websecurityscanner...
Web Security Scanner API
{
  oauth2: {
    scopes: { 'https://www.googleapis.com/auth/cloud-platform': [Object] }
  }
}
[07:54:30.195] INFO (1691): processing workflowexecutions...
Workflow Executions API
{
  oauth2: {
    scopes: { 'https://www.googleapis.com/auth/cloud-platform': [Object] }
  }
}
[07:54:31.748] INFO (1691): processing workflows...
Workflows API
{
  oauth2: {
    scopes: { 'https://www.googleapis.com/auth/cloud-platform': [Object] }
  }
}
[07:54:33.458] INFO (1691): processing workloadmanager...
Workload Manager API
{
  oauth2: {
    scopes: { 'https://www.googleapis.com/auth/cloud-platform': [Object] }
  }
}
[07:54:34.971] INFO (1691): processing workstations...
Cloud Workstations API
{
  oauth2: {
    scopes: { 'https://www.googleapis.com/auth/cloud-platform': [Object] }
  }
}
YouTube Data API v3
{
  oauth2: {
    scopes: {
      'https://www.googleapis.com/auth/youtube.force-ssl': [Object],
      'https://www.googleapis.com/auth/youtube.channel-memberships.creator': [Object],
      'https://www.googleapis.com/auth/youtubepartner': [Object],
      'https://www.googleapis.com/auth/youtube': [Object],
      'https://www.googleapis.com/auth/youtubepartner-channel-audit': [Object],
      'https://www.googleapis.com/auth/youtube.readonly': [Object],
      'https://www.googleapis.com/auth/youtube.upload': [Object]
    }
  }
}
YouTube Analytics API
{
  oauth2: {
    scopes: {
      'https://www.googleapis.com/auth/yt-analytics.readonly': [Object],
      'https://www.googleapis.com/auth/youtube': [Object],
      'https://www.googleapis.com/auth/youtube.readonly': [Object],
      'https://www.googleapis.com/auth/yt-analytics-monetary.readonly': [Object],
      'https://www.googleapis.com/auth/youtubepartner': [Object]
    }
  }
}
YouTube Reporting API
{
  oauth2: {
    scopes: {
      'https://www.googleapis.com/auth/yt-analytics.readonly': [Object],
      'https://www.googleapis.com/auth/yt-analytics-monetary.readonly': [Object]
    }
  }
}
[07:54:36.551] INFO (1691): processing youtube...
[07:54:36.964] INFO (1691): processing youtubeAnalytics...
[07:54:37.241] INFO (1691): processing youtubereporting...
[07:54:37.505] INFO (1691): generate completed in 292.86s. 262 files generated.
